{"meta": {"format": 3, "version": "7.13.1", "timestamp": "2025-12-28T16:09:05.610880", "branch_coverage": false, "show_contexts": false}, "files": {"ff_tracker/__init__.py": {"executed_lines": [15, 17, 19, 20, 22], "summary": {"covered_lines": 5, "num_statements": 5, "percent_covered": 100.0, "percent_covered_display": "100", "missing_lines": 0, "excluded_lines": 0, "percent_statements_covered": 100.0, "percent_statements_covered_display": "100"}, "missing_lines": [], "excluded_lines": [], "functions": {"": {"executed_lines": [15, 17, 19, 20, 22], "summary": {"covered_lines": 5, "num_statements": 5, "percent_covered": 100.0, "percent_covered_display": "100", "missing_lines": 0, "excluded_lines": 0, "percent_statements_covered": 100.0, "percent_statements_covered_display": "100"}, "missing_lines": [], "excluded_lines": [], "start_line": 1}}, "classes": {"": {"executed_lines": [15, 17, 19, 20, 22], "summary": {"covered_lines": 5, "num_statements": 5, "percent_covered": 100.0, "percent_covered_display": "100", "missing_lines": 0, "excluded_lines": 0, "percent_statements_covered": 100.0, "percent_statements_covered_display": "100"}, "missing_lines": [], "excluded_lines": [], "start_line": 1}}}, "ff_tracker/__main__.py": {"executed_lines": [], "summary": {"covered_lines": 0, "num_statements": 4, "percent_covered": 0.0, "percent_covered_display": "0", "missing_lines": 4, "excluded_lines": 0, "percent_statements_covered": 0.0, "percent_statements_covered_display": "0"}, "missing_lines": [8, 10, 11, 12], "excluded_lines": [], "functions": {"": {"executed_lines": [], "summary": {"covered_lines": 0, "num_statements": 4, "percent_covered": 0.0, "percent_covered_display": "0", "missing_lines": 4, "excluded_lines": 0, "percent_statements_covered": 0.0, "percent_statements_covered_display": "0"}, "missing_lines": [8, 10, 11, 12], "excluded_lines": [], "start_line": 1}}, "classes": {"": {"executed_lines": [], "summary": {"covered_lines": 0, "num_statements": 4, "percent_covered": 0.0, "percent_covered_display": "0", "missing_lines": 4, "excluded_lines": 0, "percent_statements_covered": 0.0, "percent_statements_covered_display": "0"}, "missing_lines": [8, 10, 11, 12], "excluded_lines": [], "start_line": 1}}}, "ff_tracker/championship.py": {"executed_lines": [], "summary": {"covered_lines": 0, "num_statements": 178, "percent_covered": 0.0, "percent_covered_display": "0", "missing_lines": 178, "excluded_lines": 0, "percent_statements_covered": 0.0, "percent_statements_covered_display": "0"}, "missing_lines": [23, 25, 26, 27, 28, 30, 36, 37, 38, 39, 40, 41, 44, 47, 49, 85, 91, 97, 103, 109, 116, 123, 130, 138, 144, 149, 155, 158, 179, 182, 185, 186, 189, 192, 193, 201, 204, 205, 207, 208, 209, 211, 212, 215, 216, 221, 222, 223, 224, 225, 226, 237, 238, 247, 264, 267, 270, 271, 272, 273, 276, 279, 281, 282, 283, 284, 285, 286, 287, 289, 290, 293, 294, 295, 296, 297, 300, 315, 317, 320, 321, 322, 323, 324, 327, 328, 330, 331, 332, 335, 336, 337, 338, 339, 342, 344, 345, 346, 348, 349, 350, 351, 354, 355, 356, 357, 358, 359, 370, 371, 380, 392, 395, 397, 398, 401, 404, 410, 412, 413, 414, 415, 417, 418, 421, 429, 432, 433, 436, 437, 438, 439, 444, 447, 448, 449, 450, 451, 454, 456, 459, 460, 463, 465, 467, 468, 471, 474, 475, 481, 490, 491, 492, 493, 501, 502, 504, 507, 516, 517, 524, 525, 532, 533, 535, 536, 537, 538, 540, 541, 542, 543, 545, 546, 547, 548, 551, 552], "excluded_lines": [], "functions": {"create_parser": {"executed_lines": [], "summary": {"covered_lines": 0, "num_statements": 13, "percent_covered": 0.0, "percent_covered_display": "0", "missing_lines": 13, "excluded_lines": 0, "percent_statements_covered": 0.0, "percent_statements_covered_display": "0"}, "missing_lines": [49, 85, 91, 97, 103, 109, 116, 123, 130, 138, 144, 149, 155], "excluded_lines": [], "start_line": 47}, "mode_leaderboard": {"executed_lines": [], "summary": {"covered_lines": 0, "num_statements": 25, "percent_covered": 0.0, "percent_covered_display": "0", "missing_lines": 25, "excluded_lines": 0, "percent_statements_covered": 0.0, "percent_statements_covered_display": "0"}, "missing_lines": [179, 182, 185, 186, 189, 192, 193, 201, 204, 205, 207, 208, 209, 211, 212, 215, 216, 221, 222, 223, 224, 225, 226, 237, 238], "excluded_lines": [], "start_line": 158}, "mode_check_rosters": {"executed_lines": [], "summary": {"covered_lines": 0, "num_statements": 22, "percent_covered": 0.0, "percent_covered_display": "0", "missing_lines": 22, "excluded_lines": 0, "percent_statements_covered": 0.0, "percent_statements_covered_display": "0"}, "missing_lines": [264, 267, 270, 271, 272, 273, 276, 279, 281, 282, 283, 284, 285, 286, 287, 289, 290, 293, 294, 295, 296, 297], "excluded_lines": [], "start_line": 247}, "mode_validate": {"executed_lines": [], "summary": {"covered_lines": 0, "num_statements": 33, "percent_covered": 0.0, "percent_covered_display": "0", "missing_lines": 33, "excluded_lines": 0, "percent_statements_covered": 0.0, "percent_statements_covered_display": "0"}, "missing_lines": [315, 317, 320, 321, 322, 323, 324, 327, 328, 330, 331, 332, 335, 336, 337, 338, 339, 342, 344, 345, 346, 348, 349, 350, 351, 354, 355, 356, 357, 358, 359, 370, 371], "excluded_lines": [], "start_line": 300}, "get_formatter": {"executed_lines": [], "summary": {"covered_lines": 0, "num_statements": 1, "percent_covered": 0.0, "percent_covered_display": "0", "missing_lines": 1, "excluded_lines": 0, "percent_statements_covered": 0.0, "percent_statements_covered_display": "0"}, "missing_lines": [392], "excluded_lines": [], "start_line": 380}, "main": {"executed_lines": [], "summary": {"covered_lines": 0, "num_statements": 63, "percent_covered": 0.0, "percent_covered_display": "0", "missing_lines": 63, "excluded_lines": 0, "percent_statements_covered": 0.0, "percent_statements_covered_display": "0"}, "missing_lines": [397, 398, 401, 404, 410, 412, 413, 414, 415, 417, 418, 421, 429, 432, 433, 436, 437, 438, 439, 444, 447, 448, 449, 450, 451, 454, 456, 459, 460, 463, 465, 467, 468, 471, 474, 475, 481, 490, 491, 492, 493, 501, 502, 504, 507, 516, 517, 524, 525, 532, 533, 535, 536, 537, 538, 540, 541, 542, 543, 545, 546, 547, 548], "excluded_lines": [], "start_line": 395}, "": {"executed_lines": [], "summary": {"covered_lines": 0, "num_statements": 21, "percent_covered": 0.0, "percent_covered_display": "0", "missing_lines": 21, "excluded_lines": 0, "percent_statements_covered": 0.0, "percent_statements_covered_display": "0"}, "missing_lines": [23, 25, 26, 27, 28, 30, 36, 37, 38, 39, 40, 41, 44, 47, 158, 247, 300, 380, 395, 551, 552], "excluded_lines": [], "start_line": 1}}, "classes": {"": {"executed_lines": [], "summary": {"covered_lines": 0, "num_statements": 178, "percent_covered": 0.0, "percent_covered_display": "0", "missing_lines": 178, "excluded_lines": 0, "percent_statements_covered": 0.0, "percent_statements_covered_display": "0"}, "missing_lines": [23, 25, 26, 27, 28, 30, 36, 37, 38, 39, 40, 41, 44, 47, 49, 85, 91, 97, 103, 109, 116, 123, 130, 138, 144, 149, 155, 158, 179, 182, 185, 186, 189, 192, 193, 201, 204, 205, 207, 208, 209, 211, 212, 215, 216, 221, 222, 223, 224, 225, 226, 237, 238, 247, 264, 267, 270, 271, 272, 273, 276, 279, 281, 282, 283, 284, 285, 286, 287, 289, 290, 293, 294, 295, 296, 297, 300, 315, 317, 320, 321, 322, 323, 324, 327, 328, 330, 331, 332, 335, 336, 337, 338, 339, 342, 344, 345, 346, 348, 349, 350, 351, 354, 355, 356, 357, 358, 359, 370, 371, 380, 392, 395, 397, 398, 401, 404, 410, 412, 413, 414, 415, 417, 418, 421, 429, 432, 433, 436, 437, 438, 439, 444, 447, 448, 449, 450, 451, 454, 456, 459, 460, 463, 465, 467, 468, 471, 474, 475, 481, 490, 491, 492, 493, 501, 502, 504, 507, 516, 517, 524, 525, 532, 533, 535, 536, 537, 538, 540, 541, 542, 543, 545, 546, 547, 548, 551, 552], "excluded_lines": [], "start_line": 1}}}, "ff_tracker/cli_utils.py": {"executed_lines": [8, 10, 13, 34, 35, 36, 37, 38, 39, 40, 45, 68, 69, 71, 73, 74, 75, 80, 81, 82, 84, 85, 88, 89, 90, 91, 95, 96, 97, 98, 101, 103, 106, 122, 123, 124, 127, 145, 146, 147, 148, 150, 152, 159, 160, 161], "summary": {"covered_lines": 46, "num_statements": 46, "percent_covered": 100.0, "percent_covered_display": "100", "missing_lines": 0, "excluded_lines": 0, "percent_statements_covered": 100.0, "percent_statements_covered_display": "100"}, "missing_lines": [], "excluded_lines": [], "functions": {"parse_league_ids_from_arg": {"executed_lines": [34, 35, 36, 37, 38, 39, 40], "summary": {"covered_lines": 7, "num_statements": 7, "percent_covered": 100.0, "percent_covered_display": "100", "missing_lines": 0, "excluded_lines": 0, "percent_statements_covered": 100.0, "percent_statements_covered_display": "100"}, "missing_lines": [], "excluded_lines": [], "start_line": 13}, "parse_format_args": {"executed_lines": [68, 69, 71, 73, 74, 75, 80, 81, 82, 84, 85, 88, 89, 90, 91, 95, 96, 97, 98, 101, 103], "summary": {"covered_lines": 21, "num_statements": 21, "percent_covered": 100.0, "percent_covered_display": "100", "missing_lines": 0, "excluded_lines": 0, "percent_statements_covered": 100.0, "percent_statements_covered_display": "100"}, "missing_lines": [], "excluded_lines": [], "start_line": 45}, "get_formatter_args": {"executed_lines": [122, 123, 124], "summary": {"covered_lines": 3, "num_statements": 3, "percent_covered": 100.0, "percent_covered_display": "100", "missing_lines": 0, "excluded_lines": 0, "percent_statements_covered": 100.0, "percent_statements_covered_display": "100"}, "missing_lines": [], "excluded_lines": [], "start_line": 106}, "setup_logging": {"executed_lines": [145, 146, 147, 148, 150, 152, 159, 160, 161], "summary": {"covered_lines": 9, "num_statements": 9, "percent_covered": 100.0, "percent_covered_display": "100", "missing_lines": 0, "excluded_lines": 0, "percent_statements_covered": 100.0, "percent_statements_covered_display": "100"}, "missing_lines": [], "excluded_lines": [], "start_line": 127}, "": {"executed_lines": [8, 10, 13, 45, 106, 127], "summary": {"covered_lines": 6, "num_statements": 6, "percent_covered": 100.0, "percent_covered_display": "100", "missing_lines": 0, "excluded_lines": 0, "percent_statements_covered": 100.0, "percent_statements_covered_display": "100"}, "missing_lines": [], "excluded_lines": [], "start_line": 1}}, "classes": {"": {"executed_lines": [8, 10, 13, 34, 35, 36, 37, 38, 39, 40, 45, 68, 69, 71, 73, 74, 75, 80, 81, 82, 84, 85, 88, 89, 90, 91, 95, 96, 97, 98, 101, 103, 106, 122, 123, 124, 127, 145, 146, 147, 148, 150, 152, 159, 160, 161], "summary": {"covered_lines": 46, "num_statements": 46, "percent_covered": 100.0, "percent_covered_display": "100", "missing_lines": 0, "excluded_lines": 0, "percent_statements_covered": 100.0, "percent_statements_covered_display": "100"}, "missing_lines": [], "excluded_lines": [], "start_line": 1}}}, "ff_tracker/config.py": {"executed_lines": [7, 9, 10, 11, 13, 15, 18, 19, 22, 23, 25, 27, 28, 29, 30, 33, 34, 37, 38, 39, 40, 41, 43, 45, 46, 48, 49, 54, 55, 57, 58, 59, 62, 64, 65, 66, 69, 79, 80, 81, 86, 87, 88, 89, 90, 91, 92, 98, 108, 109, 111, 112, 113, 114, 119, 122, 146, 149, 150, 151, 152, 154, 157, 160, 162, 171, 179, 181, 182], "summary": {"covered_lines": 69, "num_statements": 69, "percent_covered": 100.0, "percent_covered_display": "100", "missing_lines": 0, "excluded_lines": 0, "percent_statements_covered": 100.0, "percent_statements_covered_display": "100"}, "missing_lines": [], "excluded_lines": [], "functions": {"ESPNCredentials.__post_init__": {"executed_lines": [27, 28, 29, 30], "summary": {"covered_lines": 4, "num_statements": 4, "percent_covered": 100.0, "percent_covered_display": "100", "missing_lines": 0, "excluded_lines": 0, "percent_statements_covered": 100.0, "percent_statements_covered_display": "100"}, "missing_lines": [], "excluded_lines": [], "start_line": 25}, "FFTrackerConfig.__post_init__": {"executed_lines": [45, 46, 48, 49, 54, 55, 57, 58, 59], "summary": {"covered_lines": 9, "num_statements": 9, "percent_covered": 100.0, "percent_covered_display": "100", "missing_lines": 0, "excluded_lines": 0, "percent_statements_covered": 100.0, "percent_statements_covered_display": "100"}, "missing_lines": [], "excluded_lines": [], "start_line": 43}, "load_environment": {"executed_lines": [64, 65, 66], "summary": {"covered_lines": 3, "num_statements": 3, "percent_covered": 100.0, "percent_covered_display": "100", "missing_lines": 0, "excluded_lines": 0, "percent_statements_covered": 100.0, "percent_statements_covered_display": "100"}, "missing_lines": [], "excluded_lines": [], "start_line": 62}, "parse_league_ids_from_env": {"executed_lines": [79, 80, 81, 86, 87, 88, 89, 90, 91, 92], "summary": {"covered_lines": 10, "num_statements": 10, "percent_covered": 100.0, "percent_covered_display": "100", "missing_lines": 0, "excluded_lines": 0, "percent_statements_covered": 100.0, "percent_statements_covered_display": "100"}, "missing_lines": [], "excluded_lines": [], "start_line": 69}, "load_espn_credentials": {"executed_lines": [108, 109, 111, 112, 113, 114, 119], "summary": {"covered_lines": 7, "num_statements": 7, "percent_covered": 100.0, "percent_covered_display": "100", "missing_lines": 0, "excluded_lines": 0, "percent_statements_covered": 100.0, "percent_statements_covered_display": "100"}, "missing_lines": [], "excluded_lines": [], "start_line": 98}, "create_config": {"executed_lines": [146, 149, 150, 151, 152, 154, 157, 160, 162], "summary": {"covered_lines": 9, "num_statements": 9, "percent_covered": 100.0, "percent_covered_display": "100", "missing_lines": 0, "excluded_lines": 0, "percent_statements_covered": 100.0, "percent_statements_covered_display": "100"}, "missing_lines": [], "excluded_lines": [], "start_line": 122}, "detect_fantasy_year": {"executed_lines": [179, 181, 182], "summary": {"covered_lines": 3, "num_statements": 3, "percent_covered": 100.0, "percent_covered_display": "100", "missing_lines": 0, "excluded_lines": 0, "percent_statements_covered": 100.0, "percent_statements_covered_display": "100"}, "missing_lines": [], "excluded_lines": [], "start_line": 171}, "": {"executed_lines": [7, 9, 10, 11, 13, 15, 18, 19, 22, 23, 25, 33, 34, 37, 38, 39, 40, 41, 43, 62, 69, 98, 122, 171], "summary": {"covered_lines": 24, "num_statements": 24, "percent_covered": 100.0, "percent_covered_display": "100", "missing_lines": 0, "excluded_lines": 0, "percent_statements_covered": 100.0, "percent_statements_covered_display": "100"}, "missing_lines": [], "excluded_lines": [], "start_line": 1}}, "classes": {"ESPNCredentials": {"executed_lines": [27, 28, 29, 30], "summary": {"covered_lines": 4, "num_statements": 4, "percent_covered": 100.0, "percent_covered_display": "100", "missing_lines": 0, "excluded_lines": 0, "percent_statements_covered": 100.0, "percent_statements_covered_display": "100"}, "missing_lines": [], "excluded_lines": [], "start_line": 19}, "FFTrackerConfig": {"executed_lines": [45, 46, 48, 49, 54, 55, 57, 58, 59], "summary": {"covered_lines": 9, "num_statements": 9, "percent_covered": 100.0, "percent_covered_display": "100", "missing_lines": 0, "excluded_lines": 0, "percent_statements_covered": 100.0, "percent_statements_covered_display": "100"}, "missing_lines": [], "excluded_lines": [], "start_line": 34}, "": {"executed_lines": [7, 9, 10, 11, 13, 15, 18, 19, 22, 23, 25, 33, 34, 37, 38, 39, 40, 41, 43, 62, 64, 65, 66, 69, 79, 80, 81, 86, 87, 88, 89, 90, 91, 92, 98, 108, 109, 111, 112, 113, 114, 119, 122, 146, 149, 150, 151, 152, 154, 157, 160, 162, 171, 179, 181, 182], "summary": {"covered_lines": 56, "num_statements": 56, "percent_covered": 100.0, "percent_covered_display": "100", "missing_lines": 0, "excluded_lines": 0, "percent_statements_covered": 100.0, "percent_statements_covered_display": "100"}, "missing_lines": [], "excluded_lines": [], "start_line": 1}}}, "ff_tracker/display/__init__.py": {"executed_lines": [14, 15, 16, 17, 18, 19, 20, 22], "summary": {"covered_lines": 8, "num_statements": 8, "percent_covered": 100.0, "percent_covered_display": "100", "missing_lines": 0, "excluded_lines": 0, "percent_statements_covered": 100.0, "percent_statements_covered_display": "100"}, "missing_lines": [], "excluded_lines": [], "functions": {"": {"executed_lines": [14, 15, 16, 17, 18, 19, 20, 22], "summary": {"covered_lines": 8, "num_statements": 8, "percent_covered": 100.0, "percent_covered_display": "100", "missing_lines": 0, "excluded_lines": 0, "percent_statements_covered": 100.0, "percent_statements_covered_display": "100"}, "missing_lines": [], "excluded_lines": [], "start_line": 1}}, "classes": {"": {"executed_lines": [14, 15, 16, 17, 18, 19, 20, 22], "summary": {"covered_lines": 8, "num_statements": 8, "percent_covered": 100.0, "percent_covered_display": "100", "missing_lines": 0, "excluded_lines": 0, "percent_statements_covered": 100.0, "percent_statements_covered_display": "100"}, "missing_lines": [], "excluded_lines": [], "start_line": 1}}}, "ff_tracker/display/base.py": {"executed_lines": [8, 10, 11, 12, 13, 14, 16, 23, 26, 29, 30, 31, 34, 35, 54, 55, 56, 57, 58, 59, 60, 61, 63, 65, 67, 69, 71, 73, 75, 77, 79, 81, 84, 87, 123, 126, 134, 135, 137, 138, 149, 160, 162, 175, 176, 177, 178, 180, 191, 192, 193, 194, 195, 196, 197, 199, 232, 233, 251, 253, 255, 259, 260, 261, 263, 265, 267, 268, 269, 271, 273, 275, 277, 278, 279, 281], "summary": {"covered_lines": 76, "num_statements": 91, "percent_covered": 83.51648351648352, "percent_covered_display": "84", "missing_lines": 15, "excluded_lines": 3, "percent_statements_covered": 83.51648351648352, "percent_statements_covered_display": "84"}, "missing_lines": [147, 214, 215, 216, 217, 219, 221, 249, 291, 292, 294, 295, 296, 297, 299], "excluded_lines": [120, 121, 122], "functions": {"ReportContext.is_regular_season": {"executed_lines": [65], "summary": {"covered_lines": 1, "num_statements": 1, "percent_covered": 100.0, "percent_covered_display": "100", "missing_lines": 0, "excluded_lines": 0, "percent_statements_covered": 100.0, "percent_statements_covered_display": "100"}, "missing_lines": [], "excluded_lines": [], "start_line": 63}, "ReportContext.is_playoff_mode": {"executed_lines": [69], "summary": {"covered_lines": 1, "num_statements": 1, "percent_covered": 100.0, "percent_covered_display": "100", "missing_lines": 0, "excluded_lines": 0, "percent_statements_covered": 100.0, "percent_statements_covered_display": "100"}, "missing_lines": [], "excluded_lines": [], "start_line": 67}, "ReportContext.is_championship_mode": {"executed_lines": [73], "summary": {"covered_lines": 1, "num_statements": 1, "percent_covered": 100.0, "percent_covered_display": "100", "missing_lines": 0, "excluded_lines": 0, "percent_statements_covered": 100.0, "percent_statements_covered_display": "100"}, "missing_lines": [], "excluded_lines": [], "start_line": 71}, "ReportContext.has_weekly_challenges": {"executed_lines": [77], "summary": {"covered_lines": 1, "num_statements": 1, "percent_covered": 100.0, "percent_covered_display": "100", "missing_lines": 0, "excluded_lines": 0, "percent_statements_covered": 100.0, "percent_statements_covered_display": "100"}, "missing_lines": [], "excluded_lines": [], "start_line": 75}, "ReportContext.has_championship_data": {"executed_lines": [81], "summary": {"covered_lines": 1, "num_statements": 1, "percent_covered": 100.0, "percent_covered_display": "100", "missing_lines": 0, "excluded_lines": 0, "percent_statements_covered": 100.0, "percent_statements_covered_display": "100"}, "missing_lines": [], "excluded_lines": [], "start_line": 79}, "OutputFormatter.format_output": {"executed_lines": [], "summary": {"covered_lines": 0, "num_statements": 0, "percent_covered": 100.0, "percent_covered_display": "100", "missing_lines": 0, "excluded_lines": 1, "percent_statements_covered": 100.0, "percent_statements_covered_display": "100"}, "missing_lines": [], "excluded_lines": [120], "start_line": 87}, "BaseFormatter.__init__": {"executed_lines": [134, 135], "summary": {"covered_lines": 2, "num_statements": 2, "percent_covered": 100.0, "percent_covered_display": "100", "missing_lines": 0, "excluded_lines": 0, "percent_statements_covered": 100.0, "percent_statements_covered_display": "100"}, "missing_lines": [], "excluded_lines": [], "start_line": 126}, "BaseFormatter.get_supported_args": {"executed_lines": [], "summary": {"covered_lines": 0, "num_statements": 1, "percent_covered": 0.0, "percent_covered_display": "0", "missing_lines": 1, "excluded_lines": 0, "percent_statements_covered": 0.0, "percent_statements_covered_display": "0"}, "missing_lines": [147], "excluded_lines": [], "start_line": 138}, "BaseFormatter._get_arg": {"executed_lines": [160], "summary": {"covered_lines": 1, "num_statements": 1, "percent_covered": 100.0, "percent_covered_display": "100", "missing_lines": 0, "excluded_lines": 0, "percent_statements_covered": 100.0, "percent_statements_covered_display": "100"}, "missing_lines": [], "excluded_lines": [], "start_line": 149}, "BaseFormatter._get_arg_bool": {"executed_lines": [175, 176, 177, 178], "summary": {"covered_lines": 4, "num_statements": 4, "percent_covered": 100.0, "percent_covered_display": "100", "missing_lines": 0, "excluded_lines": 0, "percent_statements_covered": 100.0, "percent_statements_covered_display": "100"}, "missing_lines": [], "excluded_lines": [], "start_line": 162}, "BaseFormatter._get_arg_int": {"executed_lines": [191, 192, 193, 194, 195, 196, 197], "summary": {"covered_lines": 7, "num_statements": 7, "percent_covered": 100.0, "percent_covered_display": "100", "missing_lines": 0, "excluded_lines": 0, "percent_statements_covered": 100.0, "percent_statements_covered_display": "100"}, "missing_lines": [], "excluded_lines": [], "start_line": 180}, "BaseFormatter._build_context_from_params": {"executed_lines": [], "summary": {"covered_lines": 0, "num_statements": 6, "percent_covered": 0.0, "percent_covered_display": "0", "missing_lines": 6, "excluded_lines": 0, "percent_statements_covered": 0.0, "percent_statements_covered_display": "0"}, "missing_lines": [214, 215, 216, 217, 219, 221], "excluded_lines": [], "start_line": 199}, "BaseFormatter.format_output": {"executed_lines": [], "summary": {"covered_lines": 0, "num_statements": 1, "percent_covered": 0.0, "percent_covered_display": "0", "missing_lines": 1, "excluded_lines": 0, "percent_statements_covered": 0.0, "percent_statements_covered_display": "0"}, "missing_lines": [249], "excluded_lines": [], "start_line": 233}, "BaseFormatter._get_sorted_teams_by_division": {"executed_lines": [253], "summary": {"covered_lines": 1, "num_statements": 1, "percent_covered": 100.0, "percent_covered_display": "100", "missing_lines": 0, "excluded_lines": 0, "percent_statements_covered": 100.0, "percent_statements_covered_display": "100"}, "missing_lines": [], "excluded_lines": [], "start_line": 251}, "BaseFormatter._get_overall_top_teams": {"executed_lines": [259, 260, 261, 263], "summary": {"covered_lines": 4, "num_statements": 4, "percent_covered": 100.0, "percent_covered_display": "100", "missing_lines": 0, "excluded_lines": 0, "percent_statements_covered": 100.0, "percent_statements_covered_display": "100"}, "missing_lines": [], "excluded_lines": [], "start_line": 255}, "BaseFormatter._calculate_total_stats": {"executed_lines": [267, 268, 269], "summary": {"covered_lines": 3, "num_statements": 3, "percent_covered": 100.0, "percent_covered_display": "100", "missing_lines": 0, "excluded_lines": 0, "percent_statements_covered": 100.0, "percent_statements_covered_display": "100"}, "missing_lines": [], "excluded_lines": [], "start_line": 265}, "BaseFormatter._calculate_total_games": {"executed_lines": [273], "summary": {"covered_lines": 1, "num_statements": 1, "percent_covered": 100.0, "percent_covered_display": "100", "missing_lines": 0, "excluded_lines": 0, "percent_statements_covered": 100.0, "percent_statements_covered_display": "100"}, "missing_lines": [], "excluded_lines": [], "start_line": 271}, "BaseFormatter._truncate_text": {"executed_lines": [277, 278, 279], "summary": {"covered_lines": 3, "num_statements": 3, "percent_covered": 100.0, "percent_covered_display": "100", "missing_lines": 0, "excluded_lines": 0, "percent_statements_covered": 100.0, "percent_statements_covered_display": "100"}, "missing_lines": [], "excluded_lines": [], "start_line": 275}, "BaseFormatter._check_all_games_final": {"executed_lines": [], "summary": {"covered_lines": 0, "num_statements": 7, "percent_covered": 0.0, "percent_covered_display": "0", "missing_lines": 7, "excluded_lines": 0, "percent_statements_covered": 0.0, "percent_statements_covered_display": "0"}, "missing_lines": [291, 292, 294, 295, 296, 297, 299], "excluded_lines": [], "start_line": 281}, "": {"executed_lines": [8, 10, 11, 12, 13, 14, 16, 23, 26, 29, 30, 31, 34, 35, 54, 55, 56, 57, 58, 59, 60, 61, 63, 67, 71, 75, 79, 84, 87, 123, 126, 137, 138, 149, 162, 180, 199, 232, 233, 251, 255, 265, 271, 275, 281], "summary": {"covered_lines": 45, "num_statements": 45, "percent_covered": 100.0, "percent_covered_display": "100", "missing_lines": 0, "excluded_lines": 2, "percent_statements_covered": 100.0, "percent_statements_covered_display": "100"}, "missing_lines": [], "excluded_lines": [121, 122], "start_line": 1}}, "classes": {"ReportMode": {"executed_lines": [], "summary": {"covered_lines": 0, "num_statements": 0, "percent_covered": 100.0, "percent_covered_display": "100", "missing_lines": 0, "excluded_lines": 0, "percent_statements_covered": 100.0, "percent_statements_covered_display": "100"}, "missing_lines": [], "excluded_lines": [], "start_line": 26}, "ReportContext": {"executed_lines": [65, 69, 73, 77, 81], "summary": {"covered_lines": 5, "num_statements": 5, "percent_covered": 100.0, "percent_covered_display": "100", "missing_lines": 0, "excluded_lines": 0, "percent_statements_covered": 100.0, "percent_statements_covered_display": "100"}, "missing_lines": [], "excluded_lines": [], "start_line": 35}, "OutputFormatter": {"executed_lines": [], "summary": {"covered_lines": 0, "num_statements": 0, "percent_covered": 100.0, "percent_covered_display": "100", "missing_lines": 0, "excluded_lines": 1, "percent_statements_covered": 100.0, "percent_statements_covered_display": "100"}, "missing_lines": [], "excluded_lines": [120], "start_line": 84}, "BaseFormatter": {"executed_lines": [134, 135, 160, 175, 176, 177, 178, 191, 192, 193, 194, 195, 196, 197, 253, 259, 260, 261, 263, 267, 268, 269, 273, 277, 278, 279], "summary": {"covered_lines": 26, "num_statements": 41, "percent_covered": 63.41463414634146, "percent_covered_display": "63", "missing_lines": 15, "excluded_lines": 0, "percent_statements_covered": 63.41463414634146, "percent_statements_covered_display": "63"}, "missing_lines": [147, 214, 215, 216, 217, 219, 221, 249, 291, 292, 294, 295, 296, 297, 299], "excluded_lines": [], "start_line": 123}, "": {"executed_lines": [8, 10, 11, 12, 13, 14, 16, 23, 26, 29, 30, 31, 34, 35, 54, 55, 56, 57, 58, 59, 60, 61, 63, 67, 71, 75, 79, 84, 87, 123, 126, 137, 138, 149, 162, 180, 199, 232, 233, 251, 255, 265, 271, 275, 281], "summary": {"covered_lines": 45, "num_statements": 45, "percent_covered": 100.0, "percent_covered_display": "100", "missing_lines": 0, "excluded_lines": 2, "percent_statements_covered": 100.0, "percent_statements_covered_display": "100"}, "missing_lines": [], "excluded_lines": [121, 122], "start_line": 1}}}, "ff_tracker/display/console.py": {"executed_lines": [7, 9, 11, 13, 14, 15, 18, 21, 29, 31, 32, 34, 38, 49, 52, 53, 55, 58, 59, 60, 61, 62, 63, 64, 65, 68, 69, 72, 74, 77, 79, 80, 82, 85, 86, 87, 88, 89, 92, 93, 96, 97, 100, 101, 102, 103, 106, 108, 111, 112, 113, 114, 117, 118, 119, 120, 127, 128, 129, 130, 131, 133, 134, 135, 136, 139, 140, 141, 142, 143, 144, 145, 146, 147, 148, 149, 150, 153, 154, 155, 156, 157, 160, 161, 162, 163, 165, 167, 169, 179, 181, 182, 185, 186, 187, 188, 189, 192, 193, 196, 197, 198, 201, 202, 213, 214, 224, 231, 233, 235, 248, 251, 252, 253, 254, 257, 258, 261, 262, 264, 265, 266, 267, 268, 269, 273, 282, 291, 292, 295, 297, 302, 305, 309, 311, 332, 334, 337, 339, 342, 344, 354, 355, 357, 358, 359, 361, 370, 376, 378, 380, 381, 383, 384, 385, 386, 397, 403, 405, 407, 408, 410, 411, 412, 414, 426, 432, 434, 436, 437, 447, 453, 456, 457, 459, 462, 463, 464, 465, 474, 475, 482, 483, 484, 486, 487, 489, 497, 498, 499, 500, 504], "summary": {"covered_lines": 192, "num_statements": 197, "percent_covered": 97.46192893401015, "percent_covered_display": "97", "missing_lines": 5, "excluded_lines": 0, "percent_statements_covered": 97.46192893401015, "percent_statements_covered_display": "97"}, "missing_lines": [121, 122, 183, 271, 298], "excluded_lines": [], "functions": {"ConsoleFormatter.__init__": {"executed_lines": [29], "summary": {"covered_lines": 1, "num_statements": 1, "percent_covered": 100.0, "percent_covered_display": "100", "missing_lines": 0, "excluded_lines": 0, "percent_statements_covered": 100.0, "percent_statements_covered_display": "100"}, "missing_lines": [], "excluded_lines": [], "start_line": 21}, "ConsoleFormatter.get_supported_args": {"executed_lines": [34], "summary": {"covered_lines": 1, "num_statements": 1, "percent_covered": 100.0, "percent_covered_display": "100", "missing_lines": 0, "excluded_lines": 0, "percent_statements_covered": 100.0, "percent_statements_covered_display": "100"}, "missing_lines": [], "excluded_lines": [], "start_line": 32}, "ConsoleFormatter.format_output": {"executed_lines": [49, 52, 53, 55, 58, 59, 60, 61, 62, 63, 64, 65, 68, 69, 72, 74, 77, 79, 80, 82, 85, 86, 87, 88, 89, 92, 93, 96, 97, 100, 101, 102, 103, 106, 108, 111, 112, 113, 114, 117, 118, 119, 120, 127, 128, 129, 130, 131, 133, 134, 135, 136, 139, 140, 141, 142, 143, 144, 145, 146, 147, 148, 149, 150, 153, 154, 155, 156, 157, 160, 161, 162, 163, 165, 167], "summary": {"covered_lines": 75, "num_statements": 77, "percent_covered": 97.40259740259741, "percent_covered_display": "97", "missing_lines": 2, "excluded_lines": 0, "percent_statements_covered": 97.40259740259741, "percent_statements_covered_display": "97"}, "missing_lines": [121, 122], "excluded_lines": [], "start_line": 38}, "ConsoleFormatter._format_playoff_brackets": {"executed_lines": [179, 181, 182, 185, 186, 187, 188, 189, 192, 193, 196, 197, 198, 201, 202, 213, 214, 224, 231, 233], "summary": {"covered_lines": 20, "num_statements": 21, "percent_covered": 95.23809523809524, "percent_covered_display": "95", "missing_lines": 1, "excluded_lines": 0, "percent_statements_covered": 95.23809523809524, "percent_statements_covered_display": "95"}, "missing_lines": [183], "excluded_lines": [], "start_line": 169}, "ConsoleFormatter._format_championship_leaderboard": {"executed_lines": [248, 251, 252, 253, 254, 257, 258, 261, 262, 264, 265, 266, 267, 268, 269, 273, 282, 291, 292, 295, 297, 302, 305, 309], "summary": {"covered_lines": 24, "num_statements": 26, "percent_covered": 92.3076923076923, "percent_covered_display": "92", "missing_lines": 2, "excluded_lines": 0, "percent_statements_covered": 92.3076923076923, "percent_statements_covered_display": "92"}, "missing_lines": [271, 298], "excluded_lines": [], "start_line": 235}, "ConsoleFormatter._filter_playoff_challenges": {"executed_lines": [332, 334, 337, 339, 342], "summary": {"covered_lines": 5, "num_statements": 5, "percent_covered": 100.0, "percent_covered_display": "100", "missing_lines": 0, "excluded_lines": 0, "percent_statements_covered": 100.0, "percent_statements_covered_display": "100"}, "missing_lines": [], "excluded_lines": [], "start_line": 311}, "ConsoleFormatter._format_weekly_player_table": {"executed_lines": [354, 355, 357, 358, 359, 361, 370], "summary": {"covered_lines": 7, "num_statements": 7, "percent_covered": 100.0, "percent_covered_display": "100", "missing_lines": 0, "excluded_lines": 0, "percent_statements_covered": 100.0, "percent_statements_covered_display": "100"}, "missing_lines": [], "excluded_lines": [], "start_line": 344}, "ConsoleFormatter._format_division_table": {"executed_lines": [378, 380, 381, 383, 384, 385, 386, 397], "summary": {"covered_lines": 8, "num_statements": 8, "percent_covered": 100.0, "percent_covered_display": "100", "missing_lines": 0, "excluded_lines": 0, "percent_statements_covered": 100.0, "percent_statements_covered_display": "100"}, "missing_lines": [], "excluded_lines": [], "start_line": 376}, "ConsoleFormatter._format_overall_table": {"executed_lines": [405, 407, 408, 410, 411, 412, 414, 426], "summary": {"covered_lines": 8, "num_statements": 8, "percent_covered": 100.0, "percent_covered_display": "100", "missing_lines": 0, "excluded_lines": 0, "percent_statements_covered": 100.0, "percent_statements_covered_display": "100"}, "missing_lines": [], "excluded_lines": [], "start_line": 403}, "ConsoleFormatter._format_challenge_table": {"executed_lines": [434, 436, 437, 447], "summary": {"covered_lines": 4, "num_statements": 4, "percent_covered": 100.0, "percent_covered_display": "100", "missing_lines": 0, "excluded_lines": 0, "percent_statements_covered": 100.0, "percent_statements_covered_display": "100"}, "missing_lines": [], "excluded_lines": [], "start_line": 432}, "ConsoleFormatter._format_weekly_table": {"executed_lines": [456, 457, 459, 462, 463, 464, 465, 474, 475, 482, 483, 484, 486, 487, 489, 497, 498, 499, 500, 504], "summary": {"covered_lines": 20, "num_statements": 20, "percent_covered": 100.0, "percent_covered_display": "100", "missing_lines": 0, "excluded_lines": 0, "percent_statements_covered": 100.0, "percent_statements_covered_display": "100"}, "missing_lines": [], "excluded_lines": [], "start_line": 453}, "": {"executed_lines": [7, 9, 11, 13, 14, 15, 18, 21, 31, 32, 38, 169, 235, 311, 344, 376, 403, 432, 453], "summary": {"covered_lines": 19, "num_statements": 19, "percent_covered": 100.0, "percent_covered_display": "100", "missing_lines": 0, "excluded_lines": 0, "percent_statements_covered": 100.0, "percent_statements_covered_display": "100"}, "missing_lines": [], "excluded_lines": [], "start_line": 1}}, "classes": {"ConsoleFormatter": {"executed_lines": [29, 34, 49, 52, 53, 55, 58, 59, 60, 61, 62, 63, 64, 65, 68, 69, 72, 74, 77, 79, 80, 82, 85, 86, 87, 88, 89, 92, 93, 96, 97, 100, 101, 102, 103, 106, 108, 111, 112, 113, 114, 117, 118, 119, 120, 127, 128, 129, 130, 131, 133, 134, 135, 136, 139, 140, 141, 142, 143, 144, 145, 146, 147, 148, 149, 150, 153, 154, 155, 156, 157, 160, 161, 162, 163, 165, 167, 179, 181, 182, 185, 186, 187, 188, 189, 192, 193, 196, 197, 198, 201, 202, 213, 214, 224, 231, 233, 248, 251, 252, 253, 254, 257, 258, 261, 262, 264, 265, 266, 267, 268, 269, 273, 282, 291, 292, 295, 297, 302, 305, 309, 332, 334, 337, 339, 342, 354, 355, 357, 358, 359, 361, 370, 378, 380, 381, 383, 384, 385, 386, 397, 405, 407, 408, 410, 411, 412, 414, 426, 434, 436, 437, 447, 456, 457, 459, 462, 463, 464, 465, 474, 475, 482, 483, 484, 486, 487, 489, 497, 498, 499, 500, 504], "summary": {"covered_lines": 173, "num_statements": 178, "percent_covered": 97.19101123595506, "percent_covered_display": "97", "missing_lines": 5, "excluded_lines": 0, "percent_statements_covered": 97.19101123595506, "percent_statements_covered_display": "97"}, "missing_lines": [121, 122, 183, 271, 298], "excluded_lines": [], "start_line": 18}, "": {"executed_lines": [7, 9, 11, 13, 14, 15, 18, 21, 31, 32, 38, 169, 235, 311, 344, 376, 403, 432, 453], "summary": {"covered_lines": 19, "num_statements": 19, "percent_covered": 100.0, "percent_covered_display": "100", "missing_lines": 0, "excluded_lines": 0, "percent_statements_covered": 100.0, "percent_statements_covered_display": "100"}, "missing_lines": [], "excluded_lines": [], "start_line": 1}}}, "ff_tracker/display/email.py": {"executed_lines": [22, 24, 25, 27, 28, 29, 32, 35, 43, 45, 46, 48, 54, 65, 66, 67, 69, 71, 298, 299, 302, 303, 310, 311, 315, 319, 320, 323, 325, 326, 327, 330, 332, 333, 335, 336, 339, 340, 341, 342, 346, 347, 356, 359, 360, 361, 362, 364, 366, 367, 369, 377, 379, 382, 383, 384, 389, 390, 391, 393, 394, 404, 407, 408, 413, 415, 417, 418, 419, 420, 422, 423, 425, 426, 427, 429, 440, 441, 444, 445, 447, 448, 449, 451, 452, 454, 455, 456, 458, 470, 471, 474, 475, 481, 489, 494, 496, 498, 506, 508, 510, 511, 512, 514, 520, 521, 523, 524, 527, 529, 530, 532, 533, 536, 537, 538, 539, 540, 541, 542, 543, 546, 547, 548, 549, 550, 551, 552, 553, 555, 557, 559, 561, 565, 567, 568, 569, 571, 572, 574, 575, 576, 577, 578, 579, 580, 581, 583, 593, 596, 597, 600, 602, 608, 609, 610, 611, 614, 616, 618, 620, 622, 662, 666, 668, 669, 670, 671, 673, 675, 676, 678, 686, 687, 689], "summary": {"covered_lines": 175, "num_statements": 201, "percent_covered": 87.06467661691542, "percent_covered_display": "87", "missing_lines": 26, "excluded_lines": 0, "percent_statements_covered": 87.06467661691542, "percent_statements_covered_display": "87"}, "missing_lines": [316, 525, 603, 604, 605, 606, 624, 626, 627, 629, 630, 631, 632, 633, 636, 637, 638, 640, 641, 642, 643, 645, 655, 656, 658, 660], "excluded_lines": [], "functions": {"EmailFormatter.__init__": {"executed_lines": [43], "summary": {"covered_lines": 1, "num_statements": 1, "percent_covered": 100.0, "percent_covered_display": "100", "missing_lines": 0, "excluded_lines": 0, "percent_statements_covered": 100.0, "percent_statements_covered_display": "100"}, "missing_lines": [], "excluded_lines": [], "start_line": 35}, "EmailFormatter.get_supported_args": {"executed_lines": [48], "summary": {"covered_lines": 1, "num_statements": 1, "percent_covered": 100.0, "percent_covered_display": "100", "missing_lines": 0, "excluded_lines": 0, "percent_statements_covered": 100.0, "percent_statements_covered_display": "100"}, "missing_lines": [], "excluded_lines": [], "start_line": 46}, "EmailFormatter.format_output": {"executed_lines": [65, 66, 67, 69, 71, 298, 299, 302, 303, 310, 311, 315, 319, 320, 323, 325, 326, 327, 330, 332, 333, 335, 336, 339, 340, 341, 342, 346, 347, 356, 359, 360, 361, 362, 364, 366, 367, 369, 377, 379, 382, 383, 384, 389, 390, 391, 393, 394, 404, 407, 408, 413, 415, 417, 418, 419, 420, 422, 423, 425, 426, 427, 429, 440, 441, 444, 445, 447, 448, 449, 451, 452, 454, 455, 456, 458, 470, 471, 474, 475, 481, 489, 494], "summary": {"covered_lines": 83, "num_statements": 84, "percent_covered": 98.80952380952381, "percent_covered_display": "99", "missing_lines": 1, "excluded_lines": 0, "percent_statements_covered": 98.80952380952381, "percent_statements_covered_display": "99"}, "missing_lines": [316], "excluded_lines": [], "start_line": 54}, "EmailFormatter._escape_html": {"executed_lines": [498], "summary": {"covered_lines": 1, "num_statements": 1, "percent_covered": 100.0, "percent_covered_display": "100", "missing_lines": 0, "excluded_lines": 0, "percent_statements_covered": 100.0, "percent_statements_covered_display": "100"}, "missing_lines": [], "excluded_lines": [], "start_line": 496}, "EmailFormatter._format_playoff_brackets": {"executed_lines": [508, 510, 511, 512, 514, 520, 521, 523, 524, 527, 529, 530, 532, 533, 536, 537, 538, 539, 540, 541, 542, 543, 546, 547, 548, 549, 550, 551, 552, 553, 555, 557, 559], "summary": {"covered_lines": 33, "num_statements": 34, "percent_covered": 97.05882352941177, "percent_covered_display": "97", "missing_lines": 1, "excluded_lines": 0, "percent_statements_covered": 97.05882352941177, "percent_statements_covered_display": "97"}, "missing_lines": [525], "excluded_lines": [], "start_line": 506}, "EmailFormatter._format_championship_leaderboard": {"executed_lines": [565, 567, 568, 569, 571, 572, 574, 575, 576, 577, 578, 579, 580, 581, 583, 593, 596, 597, 600, 602, 608, 609, 610, 611, 614, 616, 618, 620], "summary": {"covered_lines": 28, "num_statements": 32, "percent_covered": 87.5, "percent_covered_display": "88", "missing_lines": 4, "excluded_lines": 0, "percent_statements_covered": 87.5, "percent_statements_covered_display": "88"}, "missing_lines": [603, 604, 605, 606], "excluded_lines": [], "start_line": 561}, "EmailFormatter._format_championship_rosters": {"executed_lines": [], "summary": {"covered_lines": 0, "num_statements": 20, "percent_covered": 0.0, "percent_covered_display": "0", "missing_lines": 20, "excluded_lines": 0, "percent_statements_covered": 0.0, "percent_statements_covered_display": "0"}, "missing_lines": [624, 626, 627, 629, 630, 631, 632, 633, 636, 637, 638, 640, 641, 642, 643, 645, 655, 656, 658, 660], "excluded_lines": [], "start_line": 622}, "EmailFormatter._format_weekly_player_table": {"executed_lines": [666, 668, 669, 670, 671, 673, 675, 676, 678, 686, 687, 689], "summary": {"covered_lines": 12, "num_statements": 12, "percent_covered": 100.0, "percent_covered_display": "100", "missing_lines": 0, "excluded_lines": 0, "percent_statements_covered": 100.0, "percent_statements_covered_display": "100"}, "missing_lines": [], "excluded_lines": [], "start_line": 662}, "": {"executed_lines": [22, 24, 25, 27, 28, 29, 32, 35, 45, 46, 54, 496, 506, 561, 622, 662], "summary": {"covered_lines": 16, "num_statements": 16, "percent_covered": 100.0, "percent_covered_display": "100", "missing_lines": 0, "excluded_lines": 0, "percent_statements_covered": 100.0, "percent_statements_covered_display": "100"}, "missing_lines": [], "excluded_lines": [], "start_line": 1}}, "classes": {"EmailFormatter": {"executed_lines": [43, 48, 65, 66, 67, 69, 71, 298, 299, 302, 303, 310, 311, 315, 319, 320, 323, 325, 326, 327, 330, 332, 333, 335, 336, 339, 340, 341, 342, 346, 347, 356, 359, 360, 361, 362, 364, 366, 367, 369, 377, 379, 382, 383, 384, 389, 390, 391, 393, 394, 404, 407, 408, 413, 415, 417, 418, 419, 420, 422, 423, 425, 426, 427, 429, 440, 441, 444, 445, 447, 448, 449, 451, 452, 454, 455, 456, 458, 470, 471, 474, 475, 481, 489, 494, 498, 508, 510, 511, 512, 514, 520, 521, 523, 524, 527, 529, 530, 532, 533, 536, 537, 538, 539, 540, 541, 542, 543, 546, 547, 548, 549, 550, 551, 552, 553, 555, 557, 559, 565, 567, 568, 569, 571, 572, 574, 575, 576, 577, 578, 579, 580, 581, 583, 593, 596, 597, 600, 602, 608, 609, 610, 611, 614, 616, 618, 620, 666, 668, 669, 670, 671, 673, 675, 676, 678, 686, 687, 689], "summary": {"covered_lines": 159, "num_statements": 185, "percent_covered": 85.94594594594595, "percent_covered_display": "86", "missing_lines": 26, "excluded_lines": 0, "percent_statements_covered": 85.94594594594595, "percent_statements_covered_display": "86"}, "missing_lines": [316, 525, 603, 604, 605, 606, 624, 626, 627, 629, 630, 631, 632, 633, 636, 637, 638, 640, 641, 642, 643, 645, 655, 656, 658, 660], "excluded_lines": [], "start_line": 32}, "": {"executed_lines": [22, 24, 25, 27, 28, 29, 32, 35, 45, 46, 54, 496, 506, 561, 622, 662], "summary": {"covered_lines": 16, "num_statements": 16, "percent_covered": 100.0, "percent_covered_display": "100", "missing_lines": 0, "excluded_lines": 0, "percent_statements_covered": 100.0, "percent_statements_covered_display": "100"}, "missing_lines": [], "excluded_lines": [], "start_line": 1}}}, "ff_tracker/display/factory.py": {"executed_lines": [8, 10, 11, 12, 13, 14, 15, 18, 44, 52, 53, 54, 55, 57, 60, 72], "summary": {"covered_lines": 16, "num_statements": 16, "percent_covered": 100.0, "percent_covered_display": "100", "missing_lines": 0, "excluded_lines": 0, "percent_statements_covered": 100.0, "percent_statements_covered_display": "100"}, "missing_lines": [], "excluded_lines": [], "functions": {"create_formatter": {"executed_lines": [44, 52, 53, 54, 55, 57], "summary": {"covered_lines": 6, "num_statements": 6, "percent_covered": 100.0, "percent_covered_display": "100", "missing_lines": 0, "excluded_lines": 0, "percent_statements_covered": 100.0, "percent_statements_covered_display": "100"}, "missing_lines": [], "excluded_lines": [], "start_line": 18}, "get_available_formats": {"executed_lines": [72], "summary": {"covered_lines": 1, "num_statements": 1, "percent_covered": 100.0, "percent_covered_display": "100", "missing_lines": 0, "excluded_lines": 0, "percent_statements_covered": 100.0, "percent_statements_covered_display": "100"}, "missing_lines": [], "excluded_lines": [], "start_line": 60}, "": {"executed_lines": [8, 10, 11, 12, 13, 14, 15, 18, 60], "summary": {"covered_lines": 9, "num_statements": 9, "percent_covered": 100.0, "percent_covered_display": "100", "missing_lines": 0, "excluded_lines": 0, "percent_statements_covered": 100.0, "percent_statements_covered_display": "100"}, "missing_lines": [], "excluded_lines": [], "start_line": 1}}, "classes": {"": {"executed_lines": [8, 10, 11, 12, 13, 14, 15, 18, 44, 52, 53, 54, 55, 57, 60, 72], "summary": {"covered_lines": 16, "num_statements": 16, "percent_covered": 100.0, "percent_covered_display": "100", "missing_lines": 0, "excluded_lines": 0, "percent_statements_covered": 100.0, "percent_statements_covered_display": "100"}, "missing_lines": [], "excluded_lines": [], "start_line": 1}}}, "ff_tracker/display/json.py": {"executed_lines": [1, 3, 4, 6, 7, 8, 11, 14, 22, 24, 25, 27, 32, 34, 43, 54, 55, 58, 59, 62, 68, 70, 76, 79, 80, 83, 88, 93, 95, 96, 101, 119, 120, 133, 137, 140, 141, 163, 165, 168, 169, 171, 215], "summary": {"covered_lines": 43, "num_statements": 65, "percent_covered": 66.15384615384616, "percent_covered_display": "66", "missing_lines": 22, "excluded_lines": 0, "percent_statements_covered": 66.15384615384616, "percent_statements_covered_display": "66"}, "missing_lines": [69, 71, 74, 84, 85, 89, 90, 97, 134, 164, 173, 174, 175, 177, 183, 219, 222, 223, 225, 257, 258, 285], "excluded_lines": [], "functions": {"JsonFormatter.__init__": {"executed_lines": [22], "summary": {"covered_lines": 1, "num_statements": 1, "percent_covered": 100.0, "percent_covered_display": "100", "missing_lines": 0, "excluded_lines": 0, "percent_statements_covered": 100.0, "percent_statements_covered_display": "100"}, "missing_lines": [], "excluded_lines": [], "start_line": 14}, "JsonFormatter.get_supported_args": {"executed_lines": [27], "summary": {"covered_lines": 1, "num_statements": 1, "percent_covered": 100.0, "percent_covered_display": "100", "missing_lines": 0, "excluded_lines": 0, "percent_statements_covered": 100.0, "percent_statements_covered_display": "100"}, "missing_lines": [], "excluded_lines": [], "start_line": 25}, "JsonFormatter._serialize_owner": {"executed_lines": [34], "summary": {"covered_lines": 1, "num_statements": 1, "percent_covered": 100.0, "percent_covered_display": "100", "missing_lines": 0, "excluded_lines": 0, "percent_statements_covered": 100.0, "percent_statements_covered_display": "100"}, "missing_lines": [], "excluded_lines": [], "start_line": 32}, "JsonFormatter.format_output": {"executed_lines": [54, 55, 58, 59, 62, 68, 70, 76, 79, 80, 83, 88, 93, 95, 96, 101, 119, 120, 133, 137, 140, 141, 163, 165, 168, 169], "summary": {"covered_lines": 26, "num_statements": 36, "percent_covered": 72.22222222222223, "percent_covered_display": "72", "missing_lines": 10, "excluded_lines": 0, "percent_statements_covered": 72.22222222222223, "percent_statements_covered_display": "72"}, "missing_lines": [69, 71, 74, 84, 85, 89, 90, 97, 134, 164], "excluded_lines": [], "start_line": 43}, "JsonFormatter._serialize_playoff_bracket": {"executed_lines": [], "summary": {"covered_lines": 0, "num_statements": 5, "percent_covered": 0.0, "percent_covered_display": "0", "missing_lines": 5, "excluded_lines": 0, "percent_statements_covered": 0.0, "percent_statements_covered_display": "0"}, "missing_lines": [173, 174, 175, 177, 183], "excluded_lines": [], "start_line": 171}, "JsonFormatter._serialize_championship": {"executed_lines": [], "summary": {"covered_lines": 0, "num_statements": 7, "percent_covered": 0.0, "percent_covered_display": "0", "missing_lines": 7, "excluded_lines": 0, "percent_statements_covered": 0.0, "percent_statements_covered_display": "0"}, "missing_lines": [219, 222, 223, 225, 257, 258, 285], "excluded_lines": [], "start_line": 215}, "": {"executed_lines": [1, 3, 4, 6, 7, 8, 11, 14, 24, 25, 32, 43, 171, 215], "summary": {"covered_lines": 14, "num_statements": 14, "percent_covered": 100.0, "percent_covered_display": "100", "missing_lines": 0, "excluded_lines": 0, "percent_statements_covered": 100.0, "percent_statements_covered_display": "100"}, "missing_lines": [], "excluded_lines": [], "start_line": 1}}, "classes": {"JsonFormatter": {"executed_lines": [22, 27, 34, 54, 55, 58, 59, 62, 68, 70, 76, 79, 80, 83, 88, 93, 95, 96, 101, 119, 120, 133, 137, 140, 141, 163, 165, 168, 169], "summary": {"covered_lines": 29, "num_statements": 51, "percent_covered": 56.86274509803921, "percent_covered_display": "57", "missing_lines": 22, "excluded_lines": 0, "percent_statements_covered": 56.86274509803921, "percent_statements_covered_display": "57"}, "missing_lines": [69, 71, 74, 84, 85, 89, 90, 97, 134, 164, 173, 174, 175, 177, 183, 219, 222, 223, 225, 257, 258, 285], "excluded_lines": [], "start_line": 11}, "": {"executed_lines": [1, 3, 4, 6, 7, 8, 11, 14, 24, 25, 32, 43, 171, 215], "summary": {"covered_lines": 14, "num_statements": 14, "percent_covered": 100.0, "percent_covered_display": "100", "missing_lines": 0, "excluded_lines": 0, "percent_statements_covered": 100.0, "percent_statements_covered_display": "100"}, "missing_lines": [], "excluded_lines": [], "start_line": 1}}}, "ff_tracker/display/markdown.py": {"executed_lines": [8, 10, 12, 13, 14, 17, 20, 28, 30, 31, 33, 38, 49, 50, 53, 54, 56, 59, 62, 68, 69, 72, 73, 77, 78, 80, 83, 84, 85, 88, 89, 90, 91, 92, 95, 96, 97, 98, 102, 105, 120, 127, 128, 129, 142, 144, 145, 146, 147, 148, 151, 152, 155, 156, 157, 158, 159, 160, 165, 166, 169, 170, 171, 172, 173, 174, 175, 176, 177, 180, 181, 182, 183, 184, 185, 186, 187, 190, 191, 192, 193, 195, 197, 199, 244, 309, 345, 355, 356, 357, 359, 360, 361, 362, 364, 368, 370, 372, 375, 381, 383, 384, 385, 387, 393, 395, 397, 400, 406, 408, 409, 410, 412, 418, 420, 423, 429, 430, 436, 438, 441, 442, 444, 447, 448, 449, 450, 451, 453, 454, 459, 462, 463, 464, 465, 466, 468, 470, 471, 473, 477, 479], "summary": {"covered_lines": 142, "num_statements": 244, "percent_covered": 58.19672131147541, "percent_covered_display": "58", "missing_lines": 102, "excluded_lines": 0, "percent_statements_covered": 58.19672131147541, "percent_statements_covered_display": "58"}, "missing_lines": [60, 61, 63, 66, 99, 106, 109, 110, 112, 113, 114, 115, 116, 117, 121, 122, 123, 124, 130, 131, 132, 133, 134, 135, 136, 139, 140, 141, 153, 161, 162, 167, 168, 209, 211, 212, 213, 215, 216, 217, 218, 219, 221, 222, 225, 226, 227, 233, 234, 235, 240, 242, 257, 259, 260, 261, 262, 264, 266, 267, 268, 269, 270, 271, 272, 273, 274, 275, 276, 277, 279, 280, 281, 283, 288, 289, 292, 294, 295, 299, 302, 303, 307, 311, 313, 314, 316, 317, 320, 321, 324, 327, 328, 329, 330, 332, 333, 334, 335, 337, 341, 343], "excluded_lines": [], "functions": {"MarkdownFormatter.__init__": {"executed_lines": [28], "summary": {"covered_lines": 1, "num_statements": 1, "percent_covered": 100.0, "percent_covered_display": "100", "missing_lines": 0, "excluded_lines": 0, "percent_statements_covered": 100.0, "percent_statements_covered_display": "100"}, "missing_lines": [], "excluded_lines": [], "start_line": 20}, "MarkdownFormatter.get_supported_args": {"executed_lines": [33], "summary": {"covered_lines": 1, "num_statements": 1, "percent_covered": 100.0, "percent_covered_display": "100", "missing_lines": 0, "excluded_lines": 0, "percent_statements_covered": 100.0, "percent_statements_covered_display": "100"}, "missing_lines": [], "excluded_lines": [], "start_line": 31}, "MarkdownFormatter.format_output": {"executed_lines": [49, 50, 53, 54, 56, 59, 62, 68, 69, 72, 73, 77, 78, 80, 83, 84, 85, 88, 89, 90, 91, 92, 95, 96, 97, 98, 102, 105, 120, 127, 128, 129, 142, 144, 145, 146, 147, 148, 151, 152, 155, 156, 157, 158, 159, 160, 165, 166, 169, 170, 171, 172, 173, 174, 175, 176, 177, 180, 181, 182, 183, 184, 185, 186, 187, 190, 191, 192, 193, 195, 197], "summary": {"covered_lines": 71, "num_statements": 104, "percent_covered": 68.26923076923077, "percent_covered_display": "68", "missing_lines": 33, "excluded_lines": 0, "percent_statements_covered": 68.26923076923077, "percent_statements_covered_display": "68"}, "missing_lines": [60, 61, 63, 66, 99, 106, 109, 110, 112, 113, 114, 115, 116, 117, 121, 122, 123, 124, 130, 131, 132, 133, 134, 135, 136, 139, 140, 141, 153, 161, 162, 167, 168], "excluded_lines": [], "start_line": 38}, "MarkdownFormatter._format_playoff_brackets": {"executed_lines": [], "summary": {"covered_lines": 0, "num_statements": 19, "percent_covered": 0.0, "percent_covered_display": "0", "missing_lines": 19, "excluded_lines": 0, "percent_statements_covered": 0.0, "percent_statements_covered_display": "0"}, "missing_lines": [209, 211, 212, 213, 215, 216, 217, 218, 219, 221, 222, 225, 226, 227, 233, 234, 235, 240, 242], "excluded_lines": [], "start_line": 199}, "MarkdownFormatter._format_championship_leaderboard": {"executed_lines": [], "summary": {"covered_lines": 0, "num_statements": 31, "percent_covered": 0.0, "percent_covered_display": "0", "missing_lines": 31, "excluded_lines": 0, "percent_statements_covered": 0.0, "percent_statements_covered_display": "0"}, "missing_lines": [257, 259, 260, 261, 262, 264, 266, 267, 268, 269, 270, 271, 272, 273, 274, 275, 276, 277, 279, 280, 281, 283, 288, 289, 292, 294, 295, 299, 302, 303, 307], "excluded_lines": [], "start_line": 244}, "MarkdownFormatter._format_championship_rosters": {"executed_lines": [], "summary": {"covered_lines": 0, "num_statements": 19, "percent_covered": 0.0, "percent_covered_display": "0", "missing_lines": 19, "excluded_lines": 0, "percent_statements_covered": 0.0, "percent_statements_covered_display": "0"}, "missing_lines": [311, 313, 314, 316, 317, 320, 321, 324, 327, 328, 329, 330, 332, 333, 334, 335, 337, 341, 343], "excluded_lines": [], "start_line": 309}, "MarkdownFormatter._format_weekly_player_table": {"executed_lines": [355, 356, 357, 359, 360, 361, 362, 364, 368], "summary": {"covered_lines": 9, "num_statements": 9, "percent_covered": 100.0, "percent_covered_display": "100", "missing_lines": 0, "excluded_lines": 0, "percent_statements_covered": 100.0, "percent_statements_covered_display": "100"}, "missing_lines": [], "excluded_lines": [], "start_line": 345}, "MarkdownFormatter._format_division_table": {"executed_lines": [372, 375, 381, 383, 384, 385, 387, 393], "summary": {"covered_lines": 8, "num_statements": 8, "percent_covered": 100.0, "percent_covered_display": "100", "missing_lines": 0, "excluded_lines": 0, "percent_statements_covered": 100.0, "percent_statements_covered_display": "100"}, "missing_lines": [], "excluded_lines": [], "start_line": 370}, "MarkdownFormatter._format_overall_table": {"executed_lines": [397, 400, 406, 408, 409, 410, 412, 418], "summary": {"covered_lines": 8, "num_statements": 8, "percent_covered": 100.0, "percent_covered_display": "100", "missing_lines": 0, "excluded_lines": 0, "percent_statements_covered": 100.0, "percent_statements_covered_display": "100"}, "missing_lines": [], "excluded_lines": [], "start_line": 395}, "MarkdownFormatter._format_challenge_table": {"executed_lines": [423, 429, 430, 436], "summary": {"covered_lines": 4, "num_statements": 4, "percent_covered": 100.0, "percent_covered_display": "100", "missing_lines": 0, "excluded_lines": 0, "percent_statements_covered": 100.0, "percent_statements_covered_display": "100"}, "missing_lines": [], "excluded_lines": [], "start_line": 420}, "MarkdownFormatter._format_weekly_table": {"executed_lines": [441, 442, 444, 447, 448, 449, 450, 451, 453, 454, 459, 462, 463, 464, 465, 466, 468, 470, 471, 473, 477, 479], "summary": {"covered_lines": 22, "num_statements": 22, "percent_covered": 100.0, "percent_covered_display": "100", "missing_lines": 0, "excluded_lines": 0, "percent_statements_covered": 100.0, "percent_statements_covered_display": "100"}, "missing_lines": [], "excluded_lines": [], "start_line": 438}, "": {"executed_lines": [8, 10, 12, 13, 14, 17, 20, 30, 31, 38, 199, 244, 309, 345, 370, 395, 420, 438], "summary": {"covered_lines": 18, "num_statements": 18, "percent_covered": 100.0, "percent_covered_display": "100", "missing_lines": 0, "excluded_lines": 0, "percent_statements_covered": 100.0, "percent_statements_covered_display": "100"}, "missing_lines": [], "excluded_lines": [], "start_line": 1}}, "classes": {"MarkdownFormatter": {"executed_lines": [28, 33, 49, 50, 53, 54, 56, 59, 62, 68, 69, 72, 73, 77, 78, 80, 83, 84, 85, 88, 89, 90, 91, 92, 95, 96, 97, 98, 102, 105, 120, 127, 128, 129, 142, 144, 145, 146, 147, 148, 151, 152, 155, 156, 157, 158, 159, 160, 165, 166, 169, 170, 171, 172, 173, 174, 175, 176, 177, 180, 181, 182, 183, 184, 185, 186, 187, 190, 191, 192, 193, 195, 197, 355, 356, 357, 359, 360, 361, 362, 364, 368, 372, 375, 381, 383, 384, 385, 387, 393, 397, 400, 406, 408, 409, 410, 412, 418, 423, 429, 430, 436, 441, 442, 444, 447, 448, 449, 450, 451, 453, 454, 459, 462, 463, 464, 465, 466, 468, 470, 471, 473, 477, 479], "summary": {"covered_lines": 124, "num_statements": 226, "percent_covered": 54.86725663716814, "percent_covered_display": "55", "missing_lines": 102, "excluded_lines": 0, "percent_statements_covered": 54.86725663716814, "percent_statements_covered_display": "55"}, "missing_lines": [60, 61, 63, 66, 99, 106, 109, 110, 112, 113, 114, 115, 116, 117, 121, 122, 123, 124, 130, 131, 132, 133, 134, 135, 136, 139, 140, 141, 153, 161, 162, 167, 168, 209, 211, 212, 213, 215, 216, 217, 218, 219, 221, 222, 225, 226, 227, 233, 234, 235, 240, 242, 257, 259, 260, 261, 262, 264, 266, 267, 268, 269, 270, 271, 272, 273, 274, 275, 276, 277, 279, 280, 281, 283, 288, 289, 292, 294, 295, 299, 302, 303, 307, 311, 313, 314, 316, 317, 320, 321, 324, 327, 328, 329, 330, 332, 333, 334, 335, 337, 341, 343], "excluded_lines": [], "start_line": 17}, "": {"executed_lines": [8, 10, 12, 13, 14, 17, 20, 30, 31, 38, 199, 244, 309, 345, 370, 395, 420, 438], "summary": {"covered_lines": 18, "num_statements": 18, "percent_covered": 100.0, "percent_covered_display": "100", "missing_lines": 0, "excluded_lines": 0, "percent_statements_covered": 100.0, "percent_statements_covered_display": "100"}, "missing_lines": [], "excluded_lines": [], "start_line": 1}}}, "ff_tracker/display/sheets.py": {"executed_lines": [7, 9, 11, 12, 13, 16, 19, 27, 29, 30, 32, 36, 46, 49, 52, 53, 56, 57, 58, 61, 62, 63, 65, 66, 68, 71, 82, 83, 84, 87, 88, 90, 93, 94, 97, 100, 103, 107, 108, 111, 112, 113, 115, 116, 121, 124, 125, 126, 128, 130, 131, 133, 137, 139, 142, 143, 144, 148, 149, 151, 152, 157, 159, 160, 161, 163, 165, 168, 169, 171, 172, 175, 176, 177, 179, 180, 181, 182, 187, 190, 191, 193, 194, 198, 199, 200, 201, 206, 208, 210, 212, 213, 216, 222, 223, 225, 226, 229, 230, 232, 233, 236, 237, 238, 244, 245, 246, 251, 253, 255, 301, 334, 338, 340, 341, 343, 345, 346, 348, 350], "summary": {"covered_lines": 120, "num_statements": 169, "percent_covered": 71.00591715976331, "percent_covered_display": "71", "missing_lines": 49, "excluded_lines": 0, "percent_statements_covered": 71.00591715976331, "percent_statements_covered_display": "71"}, "missing_lines": [72, 75, 77, 78, 79, 214, 227, 259, 261, 262, 263, 265, 267, 268, 269, 270, 271, 272, 273, 274, 276, 281, 284, 287, 289, 290, 291, 292, 294, 295, 296, 297, 299, 303, 305, 306, 308, 309, 312, 315, 318, 319, 321, 322, 323, 324, 326, 330, 332], "excluded_lines": [], "functions": {"SheetsFormatter.__init__": {"executed_lines": [27], "summary": {"covered_lines": 1, "num_statements": 1, "percent_covered": 100.0, "percent_covered_display": "100", "missing_lines": 0, "excluded_lines": 0, "percent_statements_covered": 100.0, "percent_statements_covered_display": "100"}, "missing_lines": [], "excluded_lines": [], "start_line": 19}, "SheetsFormatter.get_supported_args": {"executed_lines": [32], "summary": {"covered_lines": 1, "num_statements": 1, "percent_covered": 100.0, "percent_covered_display": "100", "missing_lines": 0, "excluded_lines": 0, "percent_statements_covered": 100.0, "percent_statements_covered_display": "100"}, "missing_lines": [], "excluded_lines": [], "start_line": 30}, "SheetsFormatter.format_output": {"executed_lines": [46, 49, 52, 53, 56, 57, 58, 61, 62, 63, 65, 66, 68, 71, 82, 83, 84, 87, 88, 90, 93, 94, 97, 100, 103, 107, 108, 111, 112, 113, 115, 116, 121, 124, 125, 126, 128, 130, 131, 133, 137, 139, 142, 143, 144, 148, 149, 151, 152, 157, 159, 160, 161, 163, 165, 168, 169, 171, 172, 175, 176, 177, 179, 180, 181, 182, 187, 190, 191, 193, 194, 198, 199, 200, 201, 206], "summary": {"covered_lines": 76, "num_statements": 81, "percent_covered": 93.82716049382717, "percent_covered_display": "94", "missing_lines": 5, "excluded_lines": 0, "percent_statements_covered": 93.82716049382717, "percent_statements_covered_display": "94"}, "missing_lines": [72, 75, 77, 78, 79], "excluded_lines": [], "start_line": 36}, "SheetsFormatter._format_playoff_brackets": {"executed_lines": [210, 212, 213, 216, 222, 223, 225, 226, 229, 230, 232, 233, 236, 237, 238, 244, 245, 246, 251, 253], "summary": {"covered_lines": 20, "num_statements": 22, "percent_covered": 90.9090909090909, "percent_covered_display": "91", "missing_lines": 2, "excluded_lines": 0, "percent_statements_covered": 90.9090909090909, "percent_statements_covered_display": "91"}, "missing_lines": [214, 227], "excluded_lines": [], "start_line": 208}, "SheetsFormatter._format_championship_leaderboard": {"executed_lines": [], "summary": {"covered_lines": 0, "num_statements": 26, "percent_covered": 0.0, "percent_covered_display": "0", "missing_lines": 26, "excluded_lines": 0, "percent_statements_covered": 0.0, "percent_statements_covered_display": "0"}, "missing_lines": [259, 261, 262, 263, 265, 267, 268, 269, 270, 271, 272, 273, 274, 276, 281, 284, 287, 289, 290, 291, 292, 294, 295, 296, 297, 299], "excluded_lines": [], "start_line": 255}, "SheetsFormatter._format_championship_rosters": {"executed_lines": [], "summary": {"covered_lines": 0, "num_statements": 16, "percent_covered": 0.0, "percent_covered_display": "0", "missing_lines": 16, "excluded_lines": 0, "percent_statements_covered": 0.0, "percent_statements_covered_display": "0"}, "missing_lines": [303, 305, 306, 308, 309, 312, 315, 318, 319, 321, 322, 323, 324, 326, 330, 332], "excluded_lines": [], "start_line": 301}, "SheetsFormatter._format_weekly_player_table": {"executed_lines": [338, 340, 341, 343, 345, 346, 348, 350], "summary": {"covered_lines": 8, "num_statements": 8, "percent_covered": 100.0, "percent_covered_display": "100", "missing_lines": 0, "excluded_lines": 0, "percent_statements_covered": 100.0, "percent_statements_covered_display": "100"}, "missing_lines": [], "excluded_lines": [], "start_line": 334}, "": {"executed_lines": [7, 9, 11, 12, 13, 16, 19, 29, 30, 36, 208, 255, 301, 334], "summary": {"covered_lines": 14, "num_statements": 14, "percent_covered": 100.0, "percent_covered_display": "100", "missing_lines": 0, "excluded_lines": 0, "percent_statements_covered": 100.0, "percent_statements_covered_display": "100"}, "missing_lines": [], "excluded_lines": [], "start_line": 1}}, "classes": {"SheetsFormatter": {"executed_lines": [27, 32, 46, 49, 52, 53, 56, 57, 58, 61, 62, 63, 65, 66, 68, 71, 82, 83, 84, 87, 88, 90, 93, 94, 97, 100, 103, 107, 108, 111, 112, 113, 115, 116, 121, 124, 125, 126, 128, 130, 131, 133, 137, 139, 142, 143, 144, 148, 149, 151, 152, 157, 159, 160, 161, 163, 165, 168, 169, 171, 172, 175, 176, 177, 179, 180, 181, 182, 187, 190, 191, 193, 194, 198, 199, 200, 201, 206, 210, 212, 213, 216, 222, 223, 225, 226, 229, 230, 232, 233, 236, 237, 238, 244, 245, 246, 251, 253, 338, 340, 341, 343, 345, 346, 348, 350], "summary": {"covered_lines": 106, "num_statements": 155, "percent_covered": 68.38709677419355, "percent_covered_display": "68", "missing_lines": 49, "excluded_lines": 0, "percent_statements_covered": 68.38709677419355, "percent_statements_covered_display": "68"}, "missing_lines": [72, 75, 77, 78, 79, 214, 227, 259, 261, 262, 263, 265, 267, 268, 269, 270, 271, 272, 273, 274, 276, 281, 284, 287, 289, 290, 291, 292, 294, 295, 296, 297, 299, 303, 305, 306, 308, 309, 312, 315, 318, 319, 321, 322, 323, 324, 326, 330, 332], "excluded_lines": [], "start_line": 16}, "": {"executed_lines": [7, 9, 11, 12, 13, 16, 19, 29, 30, 36, 208, 255, 301, 334], "summary": {"covered_lines": 14, "num_statements": 14, "percent_covered": 100.0, "percent_covered_display": "100", "missing_lines": 0, "excluded_lines": 0, "percent_statements_covered": 100.0, "percent_statements_covered_display": "100"}, "missing_lines": [], "excluded_lines": [], "start_line": 1}}}, "ff_tracker/exceptions.py": {"executed_lines": [8, 11, 14, 15, 16, 17, 20, 23, 26, 29, 37, 38, 39, 42, 45, 48, 51, 54, 57, 60, 63, 66, 69, 72, 84, 85, 86], "summary": {"covered_lines": 27, "num_statements": 27, "percent_covered": 100.0, "percent_covered_display": "100", "missing_lines": 0, "excluded_lines": 0, "percent_statements_covered": 100.0, "percent_statements_covered_display": "100"}, "missing_lines": [], "excluded_lines": [], "functions": {"FFTrackerError.__init__": {"executed_lines": [15, 16, 17], "summary": {"covered_lines": 3, "num_statements": 3, "percent_covered": 100.0, "percent_covered_display": "100", "missing_lines": 0, "excluded_lines": 0, "percent_statements_covered": 100.0, "percent_statements_covered_display": "100"}, "missing_lines": [], "excluded_lines": [], "start_line": 14}, "ESPNAPIError.__init__": {"executed_lines": [37, 38, 39], "summary": {"covered_lines": 3, "num_statements": 3, "percent_covered": 100.0, "percent_covered_display": "100", "missing_lines": 0, "excluded_lines": 0, "percent_statements_covered": 100.0, "percent_statements_covered_display": "100"}, "missing_lines": [], "excluded_lines": [], "start_line": 29}, "DivisionSyncError.__init__": {"executed_lines": [85, 86], "summary": {"covered_lines": 2, "num_statements": 2, "percent_covered": 100.0, "percent_covered_display": "100", "missing_lines": 0, "excluded_lines": 0, "percent_statements_covered": 100.0, "percent_statements_covered_display": "100"}, "missing_lines": [], "excluded_lines": [], "start_line": 84}, "": {"executed_lines": [8, 11, 14, 20, 23, 26, 29, 42, 45, 48, 51, 54, 57, 60, 63, 66, 69, 72, 84], "summary": {"covered_lines": 19, "num_statements": 19, "percent_covered": 100.0, "percent_covered_display": "100", "missing_lines": 0, "excluded_lines": 0, "percent_statements_covered": 100.0, "percent_statements_covered_display": "100"}, "missing_lines": [], "excluded_lines": [], "start_line": 1}}, "classes": {"FFTrackerError": {"executed_lines": [15, 16, 17], "summary": {"covered_lines": 3, "num_statements": 3, "percent_covered": 100.0, "percent_covered_display": "100", "missing_lines": 0, "excluded_lines": 0, "percent_statements_covered": 100.0, "percent_statements_covered_display": "100"}, "missing_lines": [], "excluded_lines": [], "start_line": 11}, "ConfigurationError": {"executed_lines": [], "summary": {"covered_lines": 0, "num_statements": 0, "percent_covered": 100.0, "percent_covered_display": "100", "missing_lines": 0, "excluded_lines": 0, "percent_statements_covered": 100.0, "percent_statements_covered_display": "100"}, "missing_lines": [], "excluded_lines": [], "start_line": 20}, "ESPNAPIError": {"executed_lines": [37, 38, 39], "summary": {"covered_lines": 3, "num_statements": 3, "percent_covered": 100.0, "percent_covered_display": "100", "missing_lines": 0, "excluded_lines": 0, "percent_statements_covered": 100.0, "percent_statements_covered_display": "100"}, "missing_lines": [], "excluded_lines": [], "start_line": 26}, "LeagueConnectionError": {"executed_lines": [], "summary": {"covered_lines": 0, "num_statements": 0, "percent_covered": 100.0, "percent_covered_display": "100", "missing_lines": 0, "excluded_lines": 0, "percent_statements_covered": 100.0, "percent_statements_covered_display": "100"}, "missing_lines": [], "excluded_lines": [], "start_line": 42}, "PrivateLeagueError": {"executed_lines": [], "summary": {"covered_lines": 0, "num_statements": 0, "percent_covered": 100.0, "percent_covered_display": "100", "missing_lines": 0, "excluded_lines": 0, "percent_statements_covered": 100.0, "percent_statements_covered_display": "100"}, "missing_lines": [], "excluded_lines": [], "start_line": 48}, "DataValidationError": {"executed_lines": [], "summary": {"covered_lines": 0, "num_statements": 0, "percent_covered": 100.0, "percent_covered_display": "100", "missing_lines": 0, "excluded_lines": 0, "percent_statements_covered": 100.0, "percent_statements_covered_display": "100"}, "missing_lines": [], "excluded_lines": [], "start_line": 54}, "InsufficientDataError": {"executed_lines": [], "summary": {"covered_lines": 0, "num_statements": 0, "percent_covered": 100.0, "percent_covered_display": "100", "missing_lines": 0, "excluded_lines": 0, "percent_statements_covered": 100.0, "percent_statements_covered_display": "100"}, "missing_lines": [], "excluded_lines": [], "start_line": 60}, "OutputFormatError": {"executed_lines": [], "summary": {"covered_lines": 0, "num_statements": 0, "percent_covered": 100.0, "percent_covered_display": "100", "missing_lines": 0, "excluded_lines": 0, "percent_statements_covered": 100.0, "percent_statements_covered_display": "100"}, "missing_lines": [], "excluded_lines": [], "start_line": 66}, "DivisionSyncError": {"executed_lines": [85, 86], "summary": {"covered_lines": 2, "num_statements": 2, "percent_covered": 100.0, "percent_covered_display": "100", "missing_lines": 0, "excluded_lines": 0, "percent_statements_covered": 100.0, "percent_statements_covered_display": "100"}, "missing_lines": [], "excluded_lines": [], "start_line": 72}, "": {"executed_lines": [8, 11, 14, 20, 23, 26, 29, 42, 45, 48, 51, 54, 57, 60, 63, 66, 69, 72, 84], "summary": {"covered_lines": 19, "num_statements": 19, "percent_covered": 100.0, "percent_covered_display": "100", "missing_lines": 0, "excluded_lines": 0, "percent_statements_covered": 100.0, "percent_statements_covered_display": "100"}, "missing_lines": [], "excluded_lines": [], "start_line": 1}}}, "ff_tracker/main.py": {"executed_lines": [15, 17, 18, 19, 20, 22, 28, 29, 30, 31, 34, 36, 74, 81, 85, 87, 98, 104, 111, 117, 148, 155, 163, 166, 184, 187, 190, 192, 193, 196, 198, 200, 201, 203, 204, 207, 208, 209, 210, 211, 214, 216, 223, 224, 323, 324, 325, 326, 327, 328, 329, 330, 331, 334], "summary": {"covered_lines": 54, "num_statements": 99, "percent_covered": 54.54545454545455, "percent_covered_display": "55", "missing_lines": 45, "excluded_lines": 0, "percent_statements_covered": 54.54545454545455, "percent_statements_covered_display": "55"}, "missing_lines": [218, 233, 234, 235, 238, 239, 242, 243, 246, 247, 248, 249, 251, 252, 253, 254, 257, 258, 262, 263, 265, 266, 267, 268, 269, 272, 273, 274, 277, 278, 282, 284, 285, 288, 297, 298, 299, 306, 307, 309, 312, 313, 320, 321, 335], "excluded_lines": [], "functions": {"create_parser": {"executed_lines": [36, 74, 81, 85, 87, 98, 104, 111, 117, 148, 155, 163], "summary": {"covered_lines": 12, "num_statements": 12, "percent_covered": 100.0, "percent_covered_display": "100", "missing_lines": 0, "excluded_lines": 0, "percent_statements_covered": 100.0, "percent_statements_covered_display": "100"}, "missing_lines": [], "excluded_lines": [], "start_line": 34}, "build_formatter": {"executed_lines": [184, 187], "summary": {"covered_lines": 2, "num_statements": 2, "percent_covered": 100.0, "percent_covered_display": "100", "missing_lines": 0, "excluded_lines": 0, "percent_statements_covered": 100.0, "percent_statements_covered_display": "100"}, "missing_lines": [], "excluded_lines": [], "start_line": 166}, "main": {"executed_lines": [192, 193, 196, 198, 200, 201, 203, 204, 207, 208, 209, 210, 211, 214, 216, 223, 224, 323, 324, 325, 326, 327, 328, 329, 330, 331], "summary": {"covered_lines": 26, "num_statements": 70, "percent_covered": 37.142857142857146, "percent_covered_display": "37", "missing_lines": 44, "excluded_lines": 0, "percent_statements_covered": 37.142857142857146, "percent_statements_covered_display": "37"}, "missing_lines": [218, 233, 234, 235, 238, 239, 242, 243, 246, 247, 248, 249, 251, 252, 253, 254, 257, 258, 262, 263, 265, 266, 267, 268, 269, 272, 273, 274, 277, 278, 282, 284, 285, 288, 297, 298, 299, 306, 307, 309, 312, 313, 320, 321], "excluded_lines": [], "start_line": 190}, "": {"executed_lines": [15, 17, 18, 19, 20, 22, 28, 29, 30, 31, 34, 166, 190, 334], "summary": {"covered_lines": 14, "num_statements": 15, "percent_covered": 93.33333333333333, "percent_covered_display": "93", "missing_lines": 1, "excluded_lines": 0, "percent_statements_covered": 93.33333333333333, "percent_statements_covered_display": "93"}, "missing_lines": [335], "excluded_lines": [], "start_line": 1}}, "classes": {"": {"executed_lines": [15, 17, 18, 19, 20, 22, 28, 29, 30, 31, 34, 36, 74, 81, 85, 87, 98, 104, 111, 117, 148, 155, 163, 166, 184, 187, 190, 192, 193, 196, 198, 200, 201, 203, 204, 207, 208, 209, 210, 211, 214, 216, 223, 224, 323, 324, 325, 326, 327, 328, 329, 330, 331, 334], "summary": {"covered_lines": 54, "num_statements": 99, "percent_covered": 54.54545454545455, "percent_covered_display": "55", "missing_lines": 45, "excluded_lines": 0, "percent_statements_covered": 54.54545454545455, "percent_statements_covered_display": "55"}, "missing_lines": [218, 233, 234, 235, 238, 239, 242, 243, 246, 247, 248, 249, 251, 252, 253, 254, 257, 258, 262, 263, 265, 266, 267, 268, 269, 272, 273, 274, 277, 278, 282, 284, 285, 288, 297, 298, 299, 306, 307, 309, 312, 313, 320, 321, 335], "excluded_lines": [], "start_line": 1}}}, "ff_tracker/models/__init__.py": {"executed_lines": [8, 10, 11, 12, 18, 19, 20, 21, 22, 28, 29, 30, 32], "summary": {"covered_lines": 13, "num_statements": 13, "percent_covered": 100.0, "percent_covered_display": "100", "missing_lines": 0, "excluded_lines": 0, "percent_statements_covered": 100.0, "percent_statements_covered_display": "100"}, "missing_lines": [], "excluded_lines": [], "functions": {"": {"executed_lines": [8, 10, 11, 12, 18, 19, 20, 21, 22, 28, 29, 30, 32], "summary": {"covered_lines": 13, "num_statements": 13, "percent_covered": 100.0, "percent_covered_display": "100", "missing_lines": 0, "excluded_lines": 0, "percent_statements_covered": 100.0, "percent_statements_covered_display": "100"}, "missing_lines": [], "excluded_lines": [], "start_line": 1}}, "classes": {"": {"executed_lines": [8, 10, 11, 12, 18, 19, 20, 21, 22, 28, 29, 30, 32], "summary": {"covered_lines": 13, "num_statements": 13, "percent_covered": 100.0, "percent_covered_display": "100", "missing_lines": 0, "excluded_lines": 0, "percent_statements_covered": 100.0, "percent_statements_covered_display": "100"}, "missing_lines": [], "excluded_lines": [], "start_line": 1}}}, "ff_tracker/models/base.py": {"executed_lines": [5, 7, 10, 13], "summary": {"covered_lines": 4, "num_statements": 4, "percent_covered": 100.0, "percent_covered_display": "100", "missing_lines": 0, "excluded_lines": 2, "percent_statements_covered": 100.0, "percent_statements_covered_display": "100"}, "missing_lines": [], "excluded_lines": [15, 16], "functions": {"Validatable.validate": {"executed_lines": [], "summary": {"covered_lines": 0, "num_statements": 0, "percent_covered": 100.0, "percent_covered_display": "100", "missing_lines": 0, "excluded_lines": 1, "percent_statements_covered": 100.0, "percent_statements_covered_display": "100"}, "missing_lines": [], "excluded_lines": [15], "start_line": 13}, "": {"executed_lines": [5, 7, 10, 13], "summary": {"covered_lines": 4, "num_statements": 4, "percent_covered": 100.0, "percent_covered_display": "100", "missing_lines": 0, "excluded_lines": 0, "percent_statements_covered": 100.0, "percent_statements_covered_display": "100"}, "missing_lines": [], "excluded_lines": [], "start_line": 1}}, "classes": {"Validatable": {"executed_lines": [], "summary": {"covered_lines": 0, "num_statements": 0, "percent_covered": 100.0, "percent_covered_display": "100", "missing_lines": 0, "excluded_lines": 1, "percent_statements_covered": 100.0, "percent_statements_covered_display": "100"}, "missing_lines": [], "excluded_lines": [15], "start_line": 10}, "": {"executed_lines": [5, 7, 10, 13], "summary": {"covered_lines": 4, "num_statements": 4, "percent_covered": 100.0, "percent_covered_display": "100", "missing_lines": 0, "excluded_lines": 0, "percent_statements_covered": 100.0, "percent_statements_covered_display": "100"}, "missing_lines": [], "excluded_lines": [], "start_line": 1}}}, "ff_tracker/models/challenge.py": {"executed_lines": [5, 7, 9, 10, 13, 14, 20, 21, 22, 23, 24, 25, 27, 29, 31, 33, 34, 36, 37, 41, 42, 44, 45], "summary": {"covered_lines": 23, "num_statements": 23, "percent_covered": 100.0, "percent_covered_display": "100", "missing_lines": 0, "excluded_lines": 0, "percent_statements_covered": 100.0, "percent_statements_covered_display": "100"}, "missing_lines": [], "excluded_lines": [], "functions": {"ChallengeResult.__post_init__": {"executed_lines": [29], "summary": {"covered_lines": 1, "num_statements": 1, "percent_covered": 100.0, "percent_covered_display": "100", "missing_lines": 0, "excluded_lines": 0, "percent_statements_covered": 100.0, "percent_statements_covered_display": "100"}, "missing_lines": [], "excluded_lines": [], "start_line": 27}, "ChallengeResult.validate": {"executed_lines": [33, 34, 36, 37, 41, 42, 44, 45], "summary": {"covered_lines": 8, "num_statements": 8, "percent_covered": 100.0, "percent_covered_display": "100", "missing_lines": 0, "excluded_lines": 0, "percent_statements_covered": 100.0, "percent_statements_covered_display": "100"}, "missing_lines": [], "excluded_lines": [], "start_line": 31}, "": {"executed_lines": [5, 7, 9, 10, 13, 14, 20, 21, 22, 23, 24, 25, 27, 31], "summary": {"covered_lines": 14, "num_statements": 14, "percent_covered": 100.0, "percent_covered_display": "100", "missing_lines": 0, "excluded_lines": 0, "percent_statements_covered": 100.0, "percent_statements_covered_display": "100"}, "missing_lines": [], "excluded_lines": [], "start_line": 1}}, "classes": {"ChallengeResult": {"executed_lines": [29, 33, 34, 36, 37, 41, 42, 44, 45], "summary": {"covered_lines": 9, "num_statements": 9, "percent_covered": 100.0, "percent_covered_display": "100", "missing_lines": 0, "excluded_lines": 0, "percent_statements_covered": 100.0, "percent_statements_covered_display": "100"}, "missing_lines": [], "excluded_lines": [], "start_line": 14}, "": {"executed_lines": [5, 7, 9, 10, 13, 14, 20, 21, 22, 23, 24, 25, 27, 31], "summary": {"covered_lines": 14, "num_statements": 14, "percent_covered": 100.0, "percent_covered_display": "100", "missing_lines": 0, "excluded_lines": 0, "percent_statements_covered": 100.0, "percent_statements_covered_display": "100"}, "missing_lines": [], "excluded_lines": [], "start_line": 1}}}, "ff_tracker/models/championship.py": {"executed_lines": [8, 10, 12, 15, 16, 19, 20, 21, 22, 23, 25, 40, 41, 44, 45, 46, 47, 48, 49, 50, 51, 52, 54, 98, 99, 102, 103, 104, 105, 106, 107, 108, 109, 110, 112, 125, 153, 181, 182, 185, 186, 187, 188, 190], "summary": {"covered_lines": 44, "num_statements": 107, "percent_covered": 41.12149532710281, "percent_covered_display": "41", "missing_lines": 63, "excluded_lines": 0, "percent_statements_covered": 41.12149532710281, "percent_statements_covered_display": "41"}, "missing_lines": [28, 29, 30, 31, 32, 33, 34, 35, 36, 37, 58, 71, 72, 75, 76, 79, 80, 81, 82, 87, 88, 89, 92, 93, 115, 118, 121, 122, 123, 127, 130, 132, 134, 137, 138, 139, 142, 143, 144, 145, 147, 151, 155, 157, 159, 160, 163, 164, 167, 168, 169, 170, 171, 173, 174, 178, 192, 193, 194, 196, 197, 201, 202], "excluded_lines": [], "functions": {"ChampionshipTeam.__post_init__": {"executed_lines": [], "summary": {"covered_lines": 0, "num_statements": 10, "percent_covered": 0.0, "percent_covered_display": "0", "missing_lines": 10, "excluded_lines": 0, "percent_statements_covered": 0.0, "percent_statements_covered_display": "0"}, "missing_lines": [28, 29, 30, 31, 32, 33, 34, 35, 36, 37], "excluded_lines": [], "start_line": 25}, "RosterSlot.__post_init__": {"exe
[...]
xcluded_lines": [], "start_line": 462}, "ESPNService.extract_weekly_players": {"executed_lines": [], "summary": {"covered_lines": 0, "num_statements": 24, "percent_covered": 0.0, "percent_covered_display": "0", "missing_lines": 24, "excluded_lines": 0, "percent_statements_covered": 0.0, "percent_statements_covered_display": "0"}, "missing_lines": [587, 589, 590, 592, 593, 594, 595, 597, 598, 600, 601, 605, 606, 613, 614, 618, 619, 625, 626, 627, 629, 630, 632, 633], "excluded_lines": [], "start_line": 570}, "ESPNService._create_weekly_player_stat": {"executed_lines": [652], "summary": {"covered_lines": 1, "num_statements": 1, "percent_covered": 100.0, "percent_covered_display": "100", "missing_lines": 0, "excluded_lines": 0, "percent_statements_covered": 100.0, "percent_statements_covered_display": "100"}, "missing_lines": [], "excluded_lines": [], "start_line": 637}, "ESPNService._calculate_starter_projections": {"executed_lines": [679, 680, 681, 683, 684, 685, 686, 687, 688, 689], "summary": {"covered_lines": 10, "num_statements": 10, "percent_covered": 100.0, "percent_covered_display": "100", "missing_lines": 0, "excluded_lines": 0, "percent_statements_covered": 100.0, "percent_statements_covered_display": "100"}, "missing_lines": [], "excluded_lines": [], "start_line": 666}, "ESPNService.is_in_playoffs": {"executed_lines": [710], "summary": {"covered_lines": 1, "num_statements": 1, "percent_covered": 100.0, "percent_covered_display": "100", "missing_lines": 0, "excluded_lines": 0, "percent_statements_covered": 100.0, "percent_statements_covered_display": "100"}, "missing_lines": [], "excluded_lines": [], "start_line": 691}, "ESPNService.get_playoff_round": {"executed_lines": [735, 738, 739, 746, 748, 749, 750, 751, 752, 753, 755], "summary": {"covered_lines": 11, "num_statements": 11, "percent_covered": 100.0, "percent_covered_display": "100", "missing_lines": 0, "excluded_lines": 0, "percent_statements_covered": 100.0, "percent_statements_covered_display": "100"}, "missing_lines": [], "excluded_lines": [], "start_line": 712}, "ESPNService.check_division_sync": {"executed_lines": [788, 789, 792, 793, 794, 796, 797, 798, 799, 801, 805, 808, 809, 810, 812, 813, 814, 815, 816, 818, 820, 824, 827, 828, 829, 830, 844], "summary": {"covered_lines": 27, "num_statements": 34, "percent_covered": 79.41176470588235, "percent_covered_display": "79", "missing_lines": 7, "excluded_lines": 0, "percent_statements_covered": 79.41176470588235, "percent_statements_covered_display": "79"}, "missing_lines": [832, 833, 834, 835, 836, 838, 842], "excluded_lines": [], "start_line": 761}, "ESPNService.extract_playoff_matchups": {"executed_lines": [876, 878, 881, 884, 888, 894, 895, 898, 900, 902, 903, 906, 907, 910, 911, 914, 915, 916, 917, 920, 921, 924, 925, 928, 929, 930, 931, 933, 934, 937, 938, 940, 943, 945, 961, 962, 966], "summary": {"covered_lines": 37, "num_statements": 41, "percent_covered": 90.2439024390244, "percent_covered_display": "90", "missing_lines": 4, "excluded_lines": 0, "percent_statements_covered": 90.2439024390244, "percent_statements_covered_display": "90"}, "missing_lines": [889, 892, 968, 969], "excluded_lines": [], "start_line": 846}, "ESPNService.build_playoff_bracket": {"executed_lines": [1003, 1005, 1007, 1010, 1013, 1015, 1019], "summary": {"covered_lines": 7, "num_statements": 9, "percent_covered": 77.77777777777777, "percent_covered_display": "78", "missing_lines": 2, "excluded_lines": 0, "percent_statements_covered": 77.77777777777777, "percent_statements_covered_display": "78"}, "missing_lines": [1021, 1022], "excluded_lines": [], "start_line": 974}, "ESPNService.extract_championship_entry": {"executed_lines": [], "summary": {"covered_lines": 0, "num_statements": 36, "percent_covered": 0.0, "percent_covered_display": "0", "missing_lines": 36, "excluded_lines": 0, "percent_statements_covered": 0.0, "percent_statements_covered_display": "0"}, "missing_lines": [1058, 1060, 1062, 1065, 1066, 1072, 1073, 1078, 1079, 1083, 1086, 1087, 1088, 1090, 1091, 1094, 1095, 1101, 1104, 1105, 1109, 1110, 1113, 1114, 1115, 1116, 1117, 1118, 1119, 1122, 1125, 1131, 1140, 1145, 1147, 1148], "excluded_lines": [], "start_line": 1027}, "ESPNService.build_championship_leaderboard": {"executed_lines": [], "summary": {"covered_lines": 0, "num_statements": 16, "percent_covered": 0.0, "percent_covered_display": "0", "missing_lines": 16, "excluded_lines": 0, "percent_statements_covered": 0.0, "percent_statements_covered_display": "0"}, "missing_lines": [1185, 1187, 1189, 1191, 1192, 1193, 1196, 1199, 1200, 1201, 1209, 1212, 1214, 1219, 1221, 1222], "excluded_lines": [], "start_line": 1153}, "ESPNService.load_division_data": {"executed_lines": [], "summary": {"covered_lines": 0, "num_statements": 25, "percent_covered": 0.0, "percent_covered_display": "0", "missing_lines": 25, "excluded_lines": 0, "percent_statements_covered": 0.0, "percent_statements_covered_display": "0"}, "missing_lines": [1238, 1241, 1243, 1246, 1247, 1250, 1251, 1253, 1254, 1255, 1256, 1257, 1258, 1259, 1263, 1266, 1267, 1269, 1271, 1272, 1274, 1278, 1279, 1280, 1283], "excluded_lines": [], "start_line": 1224}, "ESPNService.load_all_divisions": {"executed_lines": [], "summary": {"covered_lines": 0, "num_statements": 29, "percent_covered": 0.0, "percent_covered_display": "0", "missing_lines": 29, "excluded_lines": 0, "percent_statements_covered": 0.0, "percent_statements_covered_display": "0"}, "missing_lines": [1307, 1310, 1311, 1312, 1313, 1314, 1315, 1316, 1317, 1320, 1321, 1323, 1324, 1325, 1326, 1327, 1328, 1330, 1332, 1335, 1336, 1337, 1338, 1339, 1340, 1341, 1342, 1343, 1345], "excluded_lines": [], "start_line": 1293}, "": {"executed_lines": [8, 10, 11, 17, 18, 19, 22, 25, 32, 42, 96, 122, 190, 207, 211, 235, 315, 394, 462, 570, 637, 666, 691, 712, 761, 846, 974, 1027, 1153, 1224, 1293], "summary": {"covered_lines": 31, "num_statements": 31, "percent_covered": 100.0, "percent_covered_display": "100", "missing_lines": 0, "excluded_lines": 2, "percent_statements_covered": 100.0, "percent_statements_covered_display": "100"}, "missing_lines": [], "excluded_lines": [14, 15], "start_line": 1}}, "classes": {"ESPNService": {"executed_lines": [39, 40, 56, 57, 59, 61, 62, 63, 79, 81, 83, 87, 92, 112, 115, 116, 117, 118, 120, 192, 193, 194, 197, 205, 209, 221, 222, 225, 337, 339, 340, 344, 345, 348, 349, 350, 352, 353, 354, 357, 358, 361, 365, 367, 376, 379, 652, 679, 680, 681, 683, 684, 685, 686, 687, 688, 689, 710, 735, 738, 739, 746, 748, 749, 750, 751, 752, 753, 755, 788, 789, 792, 793, 794, 796, 797, 798, 799, 801, 805, 808, 809, 810, 812, 813, 814, 815, 816, 818, 820, 824, 827, 828, 829, 830, 844, 876, 878, 881, 884, 888, 894, 895, 898, 900, 902, 903, 906, 907, 910, 911, 914, 915, 916, 917, 920, 921, 924, 925, 928, 929, 930, 931, 933, 934, 937, 938, 940, 943, 945, 961, 962, 966, 1003, 1005, 1007, 1010, 1013, 1015, 1019], "summary": {"covered_lines": 140, "num_statements": 393, "percent_covered": 35.6234096692112, "percent_covered_display": "36", "missing_lines": 253, "excluded_lines": 0, "percent_statements_covered": 35.6234096692112, "percent_statements_covered_display": "36"}, "missing_lines": [67, 74, 76, 77, 84, 88, 136, 138, 139, 142, 143, 145, 148, 149, 151, 165, 168, 182, 183, 185, 186, 252, 254, 256, 259, 262, 264, 265, 273, 274, 277, 278, 279, 284, 286, 290, 291, 292, 296, 299, 300, 301, 302, 303, 304, 305, 307, 308, 310, 311, 368, 370, 373, 382, 385, 387, 389, 392, 398, 400, 401, 402, 403, 405, 406, 408, 409, 410, 411, 414, 415, 419, 422, 423, 425, 428, 453, 454, 455, 457, 458, 460, 479, 481, 482, 484, 485, 486, 487, 489, 490, 492, 493, 495, 498, 502, 503, 504, 505, 508, 511, 516, 519, 558, 559, 560, 562, 563, 565, 566, 587, 589, 590, 592, 593, 594, 595, 597, 598, 600, 601, 605, 606, 613, 614, 618, 619, 625, 626, 627, 629, 630, 632, 633, 832, 833, 834, 835, 836, 838, 842, 889, 892, 968, 969, 1021, 1022, 1058, 1060, 1062, 1065, 1066, 1072, 1073, 1078, 1079, 1083, 1086, 1087, 1088, 1090, 1091, 1094, 1095, 1101, 1104, 1105, 1109, 1110, 1113, 1114, 1115, 1116, 1117, 1118, 1119, 1122, 1125, 1131, 1140, 1145, 1147, 1148, 1185, 1187, 1189, 1191, 1192, 1193, 1196, 1199, 1200, 1201, 1209, 1212, 1214, 1219, 1221, 1222, 1238, 1241, 1243, 1246, 1247, 1250, 1251, 1253, 1254, 1255, 1256, 1257, 1258, 1259, 1263, 1266, 1267, 1269, 1271, 1272, 1274, 1278, 1279, 1280, 1283, 1307, 1310, 1311, 1312, 1313, 1314, 1315, 1316, 1317, 1320, 1321, 1323, 1324, 1325, 1326, 1327, 1328, 1330, 1332, 1335, 1336, 1337, 1338, 1339, 1340, 1341, 1342, 1343, 1345], "excluded_lines": [], "start_line": 25}, "": {"executed_lines": [8, 10, 11, 17, 18, 19, 22, 25, 32, 42, 96, 122, 190, 207, 211, 235, 315, 394, 462, 570, 637, 666, 691, 712, 761, 846, 974, 1027, 1153, 1224, 1293], "summary": {"covered_lines": 31, "num_statements": 31, "percent_covered": 100.0, "percent_covered_display": "100", "missing_lines": 0, "excluded_lines": 2, "percent_statements_covered": 100.0, "percent_statements_covered_display": "100"}, "missing_lines": [], "excluded_lines": [14, 15], "start_line": 1}}}, "ff_tracker/services/roster_validator.py": {"executed_lines": [], "summary": {"covered_lines": 0, "num_statements": 67, "percent_covered": 0.0, "percent_covered_display": "0", "missing_lines": 67, "excluded_lines": 2, "percent_statements_covered": 0.0, "percent_statements_covered_display": "0"}, "missing_lines": [11, 13, 14, 19, 22, 25, 35, 36, 39, 40, 43, 46, 47, 50, 53, 54, 57, 58, 59, 62, 65, 66, 68, 73, 75, 87, 89, 90, 91, 94, 95, 97, 102, 104, 114, 115, 116, 118, 119, 121, 123, 124, 125, 126, 128, 129, 130, 131, 133, 135, 145, 146, 148, 158, 161, 165, 167, 175, 176, 177, 184, 185, 187, 196, 197, 198, 204], "excluded_lines": [16, 17], "functions": {"RosterValidator.validate_roster": {"executed_lines": [], "summary": {"covered_lines": 0, "num_statements": 18, "percent_covered": 0.0, "percent_covered_display": "0", "missing_lines": 18, "excluded_lines": 0, "percent_statements_covered": 0.0, "percent_statements_covered_display": "0"}, "missing_lines": [35, 36, 39, 40, 43, 46, 47, 50, 53, 54, 57, 58, 59, 62, 65, 66, 68, 73], "excluded_lines": [], "start_line": 25}, "RosterValidator.validate_all_rosters": {"executed_lines": [], "summary": {"covered_lines": 0, "num_statements": 8, "percent_covered": 0.0, "percent_covered_display": "0", "missing_lines": 8, "excluded_lines": 0, "percent_statements_covered": 0.0, "percent_statements_covered_display": "0"}, "missing_lines": [87, 89, 90, 91, 94, 95, 97, 102], "excluded_lines": [], "start_line": 75}, "RosterValidator.get_roster_issues_summary": {"executed_lines": [], "summary": {"covered_lines": 0, "num_statements": 15, "percent_covered": 0.0, "percent_covered_display": "0", "missing_lines": 15, "excluded_lines": 0, "percent_statements_covered": 0.0, "percent_statements_covered_display": "0"}, "missing_lines": [114, 115, 116, 118, 119, 121, 123, 124, 125, 126, 128, 129, 130, 131, 133], "excluded_lines": [], "start_line": 104}, "RosterValidator.has_critical_issues": {"executed_lines": [], "summary": {"covered_lines": 0, "num_statements": 2, "percent_covered": 0.0, "percent_covered_display": "0", "missing_lines": 2, "excluded_lines": 0, "percent_statements_covered": 0.0, "percent_statements_covered_display": "0"}, "missing_lines": [145, 146], "excluded_lines": [], "start_line": 135}, "RosterValidator.get_optimal_lineup_suggestions": {"executed_lines": [], "summary": {"covered_lines": 0, "num_statements": 14, "percent_covered": 0.0, "percent_covered_display": "0", "missing_lines": 14, "excluded_lines": 0, "percent_statements_covered": 0.0, "percent_statements_covered_display": "0"}, "missing_lines": [158, 161, 165, 167, 175, 176, 177, 184, 185, 187, 196, 197, 198, 204], "excluded_lines": [], "start_line": 148}, "": {"executed_lines": [], "summary": {"covered_lines": 0, "num_statements": 10, "percent_covered": 0.0, "percent_covered_display": "0", "missing_lines": 10, "excluded_lines": 2, "percent_statements_covered": 0.0, "percent_statements_covered_display": "0"}, "missing_lines": [11, 13, 14, 19, 22, 25, 75, 104, 135, 148], "excluded_lines": [16, 17], "start_line": 1}}, "classes": {"RosterValidator": {"executed_lines": [], "summary": {"covered_lines": 0, "num_statements": 57, "percent_covered": 0.0, "percent_covered_display": "0", "missing_lines": 57, "excluded_lines": 0, "percent_statements_covered": 0.0, "percent_statements_covered_display": "0"}, "missing_lines": [35, 36, 39, 40, 43, 46, 47, 50, 53, 54, 57, 58, 59, 62, 65, 66, 68, 73, 87, 89, 90, 91, 94, 95, 97, 102, 114, 115, 116, 118, 119, 121, 123, 124, 125, 126, 128, 129, 130, 131, 133, 145, 146, 158, 161, 165, 167, 175, 176, 177, 184, 185, 187, 196, 197, 198, 204], "excluded_lines": [], "start_line": 22}, "": {"executed_lines": [], "summary": {"covered_lines": 0, "num_statements": 10, "percent_covered": 0.0, "percent_covered_display": "0", "missing_lines": 10, "excluded_lines": 2, "percent_statements_covered": 0.0, "percent_statements_covered_display": "0"}, "missing_lines": [11, 13, 14, 19, 22, 25, 75, 104, 135, 148], "excluded_lines": [16, 17], "start_line": 1}}}, "ff_tracker/services/weekly_challenge_service.py": {"executed_lines": [8, 10, 11, 13, 14, 17, 20, 38, 40, 42, 62, 63, 65, 68, 69, 70, 71, 72, 73, 76, 77, 78, 79, 80, 82, 84, 87, 89, 90, 95, 96, 97, 101, 103, 104, 106, 112, 114, 129, 135, 137, 152, 159, 161, 163, 165, 167, 183, 189, 191, 193, 210, 222, 224, 225, 227, 243, 255, 257, 258, 260, 276, 282, 284, 300, 306, 309, 311, 312, 314, 315, 317, 319, 335, 337, 343], "summary": {"covered_lines": 76, "num_statements": 77, "percent_covered": 98.7012987012987, "percent_covered_display": "99", "missing_lines": 1, "excluded_lines": 0, "percent_statements_covered": 98.7012987012987, "percent_statements_covered_display": "99"}, "missing_lines": [99], "excluded_lines": [], "functions": {"WeeklyChallengeCalculator.__init__": {"executed_lines": [40], "summary": {"covered_lines": 1, "num_statements": 1, "percent_covered": 100.0, "percent_covered_display": "100", "missing_lines": 0, "excluded_lines": 0, "percent_statements_covered": 100.0, "percent_statements_covered_display": "100"}, "missing_lines": [], "excluded_lines": [], "start_line": 38}, "WeeklyChallengeCalculator.calculate_all_weekly_challenges": {"executed_lines": [62, 63, 65, 68, 69, 70, 71, 72, 73, 76, 77, 78, 79, 80, 82, 84, 87, 89, 90, 95, 96, 97, 101, 103, 104], "summary": {"covered_lines": 25, "num_statements": 26, "percent_covered": 96.15384615384616, "percent_covered_display": "96", "missing_lines": 1, "excluded_lines": 0, "percent_statements_covered": 96.15384615384616, "percent_statements_covered_display": "96"}, "missing_lines": [99], "excluded_lines": [], "start_line": 42}, "WeeklyChallengeCalculator._calculate_highest_score": {"executed_lines": [112, 114], "summary": {"covered_lines": 2, "num_statements": 2, "percent_covered": 100.0, "percent_covered_display": "100", "missing_lines": 0, "excluded_lines": 0, "percent_statements_covered": 100.0, "percent_statements_covered_display": "100"}, "missing_lines": [], "excluded_lines": [], "start_line": 106}, "WeeklyChallengeCalculator._calculate_lowest_score": {"executed_lines": [135, 137], "summary": {"covered_lines": 2, "num_statements": 2, "percent_covered": 100.0, "percent_covered_display": "100", "missing_lines": 0, "excluded_lines": 0, "percent_statements_covered": 100.0, "percent_statements_covered_display": "100"}, "missing_lines": [], "excluded_lines": [], "start_line": 129}, "WeeklyChallengeCalculator._calculate_biggest_win": {"executed_lines": [159, 161, 163, 165, 167], "summary": {"covered_lines": 5, "num_statements": 5, "percent_covered": 100.0, "percent_covered_display": "100", "missing_lines": 0, "excluded_lines": 0, "percent_statements_covered": 100.0, "percent_statements_covered_display": "100"}, "missing_lines": [], "excluded_lines": [], "start_line": 152}, "WeeklyChallengeCalculator._calculate_closest_game": {"executed_lines": [189, 191, 193], "summary": {"covered_lines": 3, "num_statements": 3, "percent_covered": 100.0, "percent_covered_display": "100", "missing_lines": 0, "excluded_lines": 0, "percent_statements_covered": 100.0, "percent_statements_covered_display": "100"}, "missing_lines": [], "excluded_lines": [], "start_line": 183}, "WeeklyChallengeCalculator._calculate_overachiever": {"executed_lines": [222, 224, 225, 227], "summary": {"covered_lines": 4, "num_statements": 4, "percent_covered": 100.0, "percent_covered_display": "100", "missing_lines": 0, "excluded_lines": 0, "percent_statements_covered": 100.0, "percent_statements_covered_display": "100"}, "missing_lines": [], "excluded_lines": [], "start_line": 210}, "WeeklyChallengeCalculator._calculate_below_expectations": {"executed_lines": [255, 257, 258, 260], "summary": {"covered_lines": 4, "num_statements": 4, "percent_covered": 100.0, "percent_covered_display": "100", "missing_lines": 0, "excluded_lines": 0, "percent_statements_covered": 100.0, "percent_statements_covered_display": "100"}, "missing_lines": [], "excluded_lines": [], "start_line": 243}, "WeeklyChallengeCalculator._calculate_top_player": {"executed_lines": [282, 284], "summary": {"covered_lines": 2, "num_statements": 2, "percent_covered": 100.0, "percent_covered_display": "100", "missing_lines": 0, "excluded_lines": 0, "percent_statements_covered": 100.0, "percent_statements_covered_display": "100"}, "missing_lines": [], "excluded_lines": [], "start_line": 276}, "WeeklyChallengeCalculator._calculate_top_by_position": {"executed_lines": [306, 309, 311, 312, 314, 315, 317, 319, 335], "summary": {"covered_lines": 9, "num_statements": 9, "percent_covered": 100.0, "percent_covered_display": "100", "missing_lines": 0, "excluded_lines": 0, "percent_statements_covered": 100.0, "percent_statements_covered_display": "100"}, "missing_lines": [], "excluded_lines": [], "start_line": 300}, "WeeklyChallengeCalculator._create_no_data_placeholder": {"executed_lines": [343], "summary": {"covered_lines": 1, "num_statements": 1, "percent_covered": 100.0, "percent_covered_display": "100", "missing_lines": 0, "excluded_lines": 0, "percent_statements_covered": 100.0, "percent_statements_covered_display": "100"}, "missing_lines": [], "excluded_lines": [], "start_line": 337}, "": {"executed_lines": [8, 10, 11, 13, 14, 17, 20, 38, 42, 106, 129, 152, 183, 210, 243, 276, 300, 337], "summary": {"covered_lines": 18, "num_statements": 18, "percent_covered": 100.0, "percent_covered_display": "100", "missing_lines": 0, "excluded_lines": 0, "percent_statements_covered": 100.0, "percent_statements_covered_display": "100"}, "missing_lines": [], "excluded_lines": [], "start_line": 1}}, "classes": {"WeeklyChallengeCalculator": {"executed_lines": [40, 62, 63, 65, 68, 69, 70, 71, 72, 73, 76, 77, 78, 79, 80, 82, 84, 87, 89, 90, 95, 96, 97, 101, 103, 104, 112, 114, 135, 137, 159, 161, 163, 165, 167, 189, 191, 193, 222, 224, 225, 227, 255, 257, 258, 260, 282, 284, 306, 309, 311, 312, 314, 315, 317, 319, 335, 343], "summary": {"covered_lines": 58, "num_statements": 59, "percent_covered": 98.30508474576271, "percent_covered_display": "98", "missing_lines": 1, "excluded_lines": 0, "percent_statements_covered": 98.30508474576271, "percent_statements_covered_display": "98"}, "missing_lines": [99], "excluded_lines": [], "start_line": 20}, "": {"executed_lines": [8, 10, 11, 13, 14, 17, 20, 38, 42, 106, 129, 152, 183, 210, 243, 276, 300, 337], "summary": {"covered_lines": 18, "num_statements": 18, "percent_covered": 100.0, "percent_covered_display": "100", "missing_lines": 0, "excluded_lines": 0, "percent_statements_covered": 100.0, "percent_statements_covered_display": "100"}, "missing_lines": [], "excluded_lines": [], "start_line": 1}}}}, "totals": {"covered_lines": 1770, "num_statements": 2778, "percent_covered": 63.71490280777538, "percent_covered_display": "64", "missing_lines": 1008, "excluded_lines": 13, "percent_statements_covered": 63.71490280777538, "percent_statements_covered_display": "64"}}